2019-07-03 11:18:42.443  INFO 15095 --- [restartedMain] cn.cnnic.report.MainApplication          : Starting MainApplication on zhangtao with PID 15095 (/home/zhangt/workspace/JavaWorkspace/devEnv/MonthReport/target/classes started by zhangt in /home/zhangt/workspace/JavaWorkspace/devEnv/MonthReport)
2019-07-03 11:18:42.455  INFO 15095 --- [restartedMain] cn.cnnic.report.MainApplication          : No active profile set, falling back to default profiles: default
2019-07-03 11:18:44.611  INFO 15095 --- [restartedMain] .e.DevToolsPropertyDefaultsPostProcessor : Devtools property defaults active! Set 'spring.devtools.add-properties' to 'false' to disable
2019-07-03 11:18:44.612  INFO 15095 --- [restartedMain] .e.DevToolsPropertyDefaultsPostProcessor : For additional web related logging consider setting the 'logging.level.web' property to 'DEBUG'
2019-07-03 11:19:22.610  INFO 15095 --- [restartedMain] o.s.c.a.ConfigurationClassEnhancer       : @Bean method ReportApplicationConfig.properties is non-static and returns an object assignable to Spring's BeanFactoryPostProcessor interface. This will result in a failure to process annotations such as @Autowired, @Resource and @PostConstruct within the method's declaring @Configuration class. Add the 'static' modifier to this method to avoid these container lifecycle issues; see @Bean javadoc for complete details.
2019-07-03 11:19:33.397  INFO 15095 --- [restartedMain] o.s.b.w.embedded.tomcat.TomcatWebServer  : Tomcat initialized with port(s): 8080 (http)
2019-07-03 11:19:35.204  INFO 15095 --- [restartedMain] o.apache.catalina.core.StandardService   : Starting service [Tomcat]
2019-07-03 11:19:35.204  INFO 15095 --- [restartedMain] org.apache.catalina.core.StandardEngine  : Starting Servlet engine: [Apache Tomcat/9.0.19]
2019-07-03 11:19:36.678  INFO 15095 --- [restartedMain] org.apache.jasper.servlet.TldScanner     : At least one JAR was scanned for TLDs yet contained no TLDs. Enable debug logging for this logger for a complete list of JARs that were scanned but no TLDs were found in them. Skipping unneeded JARs during scanning can improve startup time and JSP compilation time.
2019-07-03 11:19:36.865  INFO 15095 --- [restartedMain] o.a.c.c.C.[Tomcat].[localhost].[/]       : Initializing Spring embedded WebApplicationContext
2019-07-03 11:19:36.865  INFO 15095 --- [restartedMain] o.s.web.context.ContextLoader            : Root WebApplicationContext: initialization completed in 52253 ms
2019-07-03 11:19:45.967  INFO 15095 --- [restartedMain] o.s.s.concurrent.ThreadPoolTaskExecutor  : Initializing ExecutorService 'applicationTaskExecutor'
2019-07-03 11:19:47.183  INFO 15095 --- [restartedMain] o.s.b.a.w.s.WelcomePageHandlerMapping    : Adding welcome page template: index
2019-07-03 11:20:04.914  INFO 15095 --- [restartedMain] o.s.b.d.a.OptionalLiveReloadServer       : LiveReload server is running on port 35729
2019-07-03 11:20:07.382  INFO 15095 --- [restartedMain] o.s.b.w.embedded.tomcat.TomcatWebServer  : Tomcat started on port(s): 8080 (http) with context path ''
2019-07-03 11:20:07.386  INFO 15095 --- [restartedMain] cn.cnnic.report.MainApplication          : Started MainApplication in 93.481 seconds (JVM running for 99.32)
2019-07-03 11:20:12.455  INFO 15095 --- [http-nio-8080-exec-2] o.a.c.c.C.[Tomcat].[localhost].[/]       : Initializing Spring DispatcherServlet 'dispatcherServlet'
2019-07-03 11:20:12.456  INFO 15095 --- [http-nio-8080-exec-2] o.s.web.servlet.DispatcherServlet        : Initializing Servlet 'dispatcherServlet'
2019-07-03 11:20:12.486  INFO 15095 --- [http-nio-8080-exec-2] o.s.web.servlet.DispatcherServlet        : Completed initialization in 30 ms
2019-07-03 11:20:20.142  WARN 15095 --- [http-nio-8080-exec-2] o.a.c.util.SessionIdGeneratorBase        : Creation of SecureRandom instance for session ID generation using [SHA1PRNG] took [184] milliseconds.
2019-07-03 11:20:20.143  WARN 15095 --- [http-nio-8080-exec-1] o.a.c.util.SessionIdGeneratorBase        : Creation of SecureRandom instance for session ID generation using [SHA1PRNG] took [182] milliseconds.
2019-07-03 11:21:06.834  INFO 15095 --- [Thread-6] o.s.s.concurrent.ThreadPoolTaskExecutor  : Shutting down ExecutorService 'applicationTaskExecutor'
2019-07-03 11:21:07.308  INFO 15095 --- [restartedMain] cn.cnnic.report.MainApplication          : Starting MainApplication on zhangtao with PID 15095 (/home/zhangt/workspace/JavaWorkspace/devEnv/MonthReport/target/classes started by zhangt in /home/zhangt/workspace/JavaWorkspace/devEnv/MonthReport)
2019-07-03 11:21:07.310  INFO 15095 --- [restartedMain] cn.cnnic.report.MainApplication          : No active profile set, falling back to default profiles: default
2019-07-03 11:21:08.068  INFO 15095 --- [restartedMain] o.s.c.a.ConfigurationClassEnhancer       : @Bean method ReportApplicationConfig.properties is non-static and returns an object assignable to Spring's BeanFactoryPostProcessor interface. This will result in a failure to process annotations such as @Autowired, @Resource and @PostConstruct within the method's declaring @Configuration class. Add the 'static' modifier to this method to avoid these container lifecycle issues; see @Bean javadoc for complete details.
2019-07-03 11:21:08.806  INFO 15095 --- [restartedMain] o.s.b.w.embedded.tomcat.TomcatWebServer  : Tomcat initialized with port(s): 8080 (http)
2019-07-03 11:21:08.808  INFO 15095 --- [restartedMain] o.apache.catalina.core.StandardService   : Starting service [Tomcat]
2019-07-03 11:21:08.808  INFO 15095 --- [restartedMain] org.apache.catalina.core.StandardEngine  : Starting Servlet engine: [Apache Tomcat/9.0.19]
2019-07-03 11:21:11.275  INFO 15095 --- [restartedMain] org.apache.jasper.servlet.TldScanner     : At least one JAR was scanned for TLDs yet contained no TLDs. Enable debug logging for this logger for a complete list of JARs that were scanned but no TLDs were found in them. Skipping unneeded JARs during scanning can improve startup time and JSP compilation time.
2019-07-03 11:21:11.277  INFO 15095 --- [restartedMain] o.a.c.c.C.[Tomcat].[localhost].[/]       : Initializing Spring embedded WebApplicationContext
2019-07-03 11:21:11.277  INFO 15095 --- [restartedMain] o.s.web.context.ContextLoader            : Root WebApplicationContext: initialization completed in 3962 ms
2019-07-03 11:21:12.318  INFO 15095 --- [restartedMain] o.s.s.concurrent.ThreadPoolTaskExecutor  : Initializing ExecutorService 'applicationTaskExecutor'
2019-07-03 11:21:12.424  INFO 15095 --- [restartedMain] o.s.b.a.w.s.WelcomePageHandlerMapping    : Adding welcome page template: index
2019-07-03 11:21:12.718  INFO 15095 --- [restartedMain] o.s.b.d.a.OptionalLiveReloadServer       : LiveReload server is running on port 35729
2019-07-03 11:21:12.750  INFO 15095 --- [restartedMain] o.s.b.w.embedded.tomcat.TomcatWebServer  : Tomcat started on port(s): 8080 (http) with context path ''
2019-07-03 11:21:12.751  INFO 15095 --- [restartedMain] cn.cnnic.report.MainApplication          : Started MainApplication in 5.5 seconds (JVM running for 164.686)
2019-07-03 11:21:12.754  INFO 15095 --- [restartedMain] .ConditionEvaluationDeltaLoggingListener : Condition evaluation unchanged
2019-07-03 11:23:02.546  INFO 15095 --- [Thread-10] o.s.s.concurrent.ThreadPoolTaskExecutor  : Shutting down ExecutorService 'applicationTaskExecutor'
2019-07-03 11:23:02.734  INFO 15095 --- [restartedMain] cn.cnnic.report.MainApplication          : Starting MainApplication on zhangtao with PID 15095 (/home/zhangt/workspace/JavaWorkspace/devEnv/MonthReport/target/classes started by zhangt in /home/zhangt/workspace/JavaWorkspace/devEnv/MonthReport)
2019-07-03 11:23:02.735  INFO 15095 --- [restartedMain] cn.cnnic.report.MainApplication          : No active profile set, falling back to default profiles: default
2019-07-03 11:23:03.090  INFO 15095 --- [restartedMain] o.s.c.a.ConfigurationClassEnhancer       : @Bean method ReportApplicationConfig.properties is non-static and returns an object assignable to Spring's BeanFactoryPostProcessor interface. This will result in a failure to process annotations such as @Autowired, @Resource and @PostConstruct within the method's declaring @Configuration class. Add the 'static' modifier to this method to avoid these container lifecycle issues; see @Bean javadoc for complete details.
2019-07-03 11:23:03.442  INFO 15095 --- [restartedMain] o.s.b.w.embedded.tomcat.TomcatWebServer  : Tomcat initialized with port(s): 8080 (http)
2019-07-03 11:23:03.446  INFO 15095 --- [restartedMain] o.apache.catalina.core.StandardService   : Starting service [Tomcat]
2019-07-03 11:23:03.450  INFO 15095 --- [restartedMain] org.apache.catalina.core.StandardEngine  : Starting Servlet engine: [Apache Tomcat/9.0.19]
2019-07-03 11:23:03.603  INFO 15095 --- [restartedMain] org.apache.jasper.servlet.TldScanner     : At least one JAR was scanned for TLDs yet contained no TLDs. Enable debug logging for this logger for a complete list of JARs that were scanned but no TLDs were found in them. Skipping unneeded JARs during scanning can improve startup time and JSP compilation time.
2019-07-03 11:23:03.605  INFO 15095 --- [restartedMain] o.a.c.c.C.[Tomcat].[localhost].[/]       : Initializing Spring embedded WebApplicationContext
2019-07-03 11:23:03.607  INFO 15095 --- [restartedMain] o.s.web.context.ContextLoader            : Root WebApplicationContext: initialization completed in 869 ms
2019-07-03 11:23:03.953  INFO 15095 --- [restartedMain] o.s.s.concurrent.ThreadPoolTaskExecutor  : Initializing ExecutorService 'applicationTaskExecutor'
2019-07-03 11:23:04.019  INFO 15095 --- [restartedMain] o.s.b.a.w.s.WelcomePageHandlerMapping    : Adding welcome page template: index
2019-07-03 11:23:04.205  INFO 15095 --- [restartedMain] o.s.b.d.a.OptionalLiveReloadServer       : LiveReload server is running on port 35729
2019-07-03 11:23:04.237  INFO 15095 --- [restartedMain] o.s.b.w.embedded.tomcat.TomcatWebServer  : Tomcat started on port(s): 8080 (http) with context path ''
2019-07-03 11:23:04.238  INFO 15095 --- [restartedMain] cn.cnnic.report.MainApplication          : Started MainApplication in 1.535 seconds (JVM running for 276.172)
2019-07-03 11:23:04.240  INFO 15095 --- [restartedMain] .ConditionEvaluationDeltaLoggingListener : Condition evaluation unchanged
2019-07-03 11:23:37.065  INFO 15095 --- [http-nio-8080-exec-1] o.a.c.c.C.[Tomcat].[localhost].[/]       : Initializing Spring DispatcherServlet 'dispatcherServlet'
2019-07-03 11:23:37.066  INFO 15095 --- [http-nio-8080-exec-1] o.s.web.servlet.DispatcherServlet        : Initializing Servlet 'dispatcherServlet'
2019-07-03 11:23:37.076  INFO 15095 --- [http-nio-8080-exec-1] o.s.web.servlet.DispatcherServlet        : Completed initialization in 10 ms
2019-07-03 11:23:41.677  INFO 15095 --- [http-nio-8080-exec-6] cn.cnnic.report.aspect.LogAdvice         : print method params=>[cn.cnnic.report.service.ReportService.generateReport(nicweblog,2019-0)]
2019-07-03 11:23:41.686  INFO 15095 --- [http-nio-8080-exec-6] cn.cnnic.report.aspect.LogAdvice         : print execution time=>[cn.cnnic.report.service.ReportService.generateReport() took 11ms]
2019-07-03 11:23:44.872  INFO 15095 --- [http-nio-8080-exec-7] cn.cnnic.report.aspect.LogAdvice         : print method params=>[cn.cnnic.report.service.ReportService.dailyCount(nicweblog,2019-0)]
2019-07-03 11:23:44.889  INFO 15095 --- [http-nio-8080-exec-7] cn.cnnic.report.aspect.LogAdvice         : print method params=>[cn.cnnic.report.mapper.ReportDailyMapper.query(nicweblog,main-center,2019-03-01,2019-04-01,REPORT_DAT)]
2019-07-03 11:23:45.215 ERROR 15095 --- [http-nio-8080-exec-7] o.a.c.c.C.[.[.[/].[dispatcherServlet]    : Servlet.service() for servlet [dispatcherServlet] in context with path [] threw exception [Request processing failed; nested exception is org.apache.ibatis.binding.BindingException: Invalid bound statement (not found): cn.cnnic.report.mapper.ReportDailyMapper.query] with root cause

org.apache.ibatis.binding.BindingException: Invalid bound statement (not found): cn.cnnic.report.mapper.ReportDailyMapper.query
	at org.apache.ibatis.binding.MapperMethod$SqlCommand.<init>(MapperMethod.java:235) ~[mybatis-3.5.1.jar:3.5.1]
	at org.apache.ibatis.binding.MapperMethod.<init>(MapperMethod.java:53) ~[mybatis-3.5.1.jar:3.5.1]
	at org.apache.ibatis.binding.MapperProxy.lambda$cachedMapperMethod$0(MapperProxy.java:62) ~[mybatis-3.5.1.jar:3.5.1]
	at java.util.concurrent.ConcurrentHashMap.computeIfAbsent(ConcurrentHashMap.java:1660) ~[na:1.8.0_181]
	at org.apache.ibatis.binding.MapperProxy.cachedMapperMethod(MapperProxy.java:62) ~[mybatis-3.5.1.jar:3.5.1]
	at org.apache.ibatis.binding.MapperProxy.invoke(MapperProxy.java:57) ~[mybatis-3.5.1.jar:3.5.1]
	at com.sun.proxy.$Proxy97.query(Unknown Source) ~[na:na]
	at sun.reflect.NativeMethodAccessorImpl.invoke0(Native Method) ~[na:1.8.0_181]
	at sun.reflect.NativeMethodAccessorImpl.invoke(NativeMethodAccessorImpl.java:62) ~[na:1.8.0_181]
	at sun.reflect.DelegatingMethodAccessorImpl.invoke(DelegatingMethodAccessorImpl.java:43) ~[na:1.8.0_181]
	at java.lang.reflect.Method.invoke(Method.java:498) ~[na:1.8.0_181]
	at org.springframework.aop.support.AopUtils.invokeJoinpointUsingReflection(AopUtils.java:343) ~[spring-aop-5.1.7.RELEASE.jar:5.1.7.RELEASE]
	at org.springframework.aop.framework.ReflectiveMethodInvocation.invokeJoinpoint(ReflectiveMethodInvocation.java:198) ~[spring-aop-5.1.7.RELEASE.jar:5.1.7.RELEASE]
	at org.springframework.aop.framework.ReflectiveMethodInvocation.proceed(ReflectiveMethodInvocation.java:163) ~[spring-aop-5.1.7.RELEASE.jar:5.1.7.RELEASE]
	at org.springframework.aop.framework.adapter.MethodBeforeAdviceInterceptor.invoke(MethodBeforeAdviceInterceptor.java:56) ~[spring-aop-5.1.7.RELEASE.jar:5.1.7.RELEASE]
	at org.springframework.aop.framework.ReflectiveMethodInvocation.proceed(ReflectiveMethodInvocation.java:186) ~[spring-aop-5.1.7.RELEASE.jar:5.1.7.RELEASE]
	at org.springframework.aop.aspectj.MethodInvocationProceedingJoinPoint.proceed(MethodInvocationProceedingJoinPoint.java:88) ~[spring-aop-5.1.7.RELEASE.jar:5.1.7.RELEASE]
	at cn.cnnic.report.aspect.LogAdvice.printExecTime(LogAdvice.java:35) ~[classes/:na]
	at cn.cnnic.report.aspect.LogAdvice.calcMapperExecTime(LogAdvice.java:26) ~[classes/:na]
	at sun.reflect.NativeMethodAccessorImpl.invoke0(Native Method) ~[na:1.8.0_181]
	at sun.reflect.NativeMethodAccessorImpl.invoke(NativeMethodAccessorImpl.java:62) ~[na:1.8.0_181]
	at sun.reflect.DelegatingMethodAccessorImpl.invoke(DelegatingMethodAccessorImpl.java:43) ~[na:1.8.0_181]
	at java.lang.reflect.Method.invoke(Method.java:498) ~[na:1.8.0_181]
	at org.springframework.aop.aspectj.AbstractAspectJAdvice.invokeAdviceMethodWithGivenArgs(AbstractAspectJAdvice.java:644) ~[spring-aop-5.1.7.RELEASE.jar:5.1.7.RELEASE]
	at org.springframework.aop.aspectj.AbstractAspectJAdvice.invokeAdviceMethod(AbstractAspectJAdvice.java:633) ~[spring-aop-5.1.7.RELEASE.jar:5.1.7.RELEASE]
	at org.springframework.aop.aspectj.AspectJAroundAdvice.invoke(AspectJAroundAdvice.java:70) ~[spring-aop-5.1.7.RELEASE.jar:5.1.7.RELEASE]
	at org.springframework.aop.framework.ReflectiveMethodInvocation.proceed(ReflectiveMethodInvocation.java:186) ~[spring-aop-5.1.7.RELEASE.jar:5.1.7.RELEASE]
	at org.springframework.aop.interceptor.ExposeInvocationInterceptor.invoke(ExposeInvocationInterceptor.java:93) ~[spring-aop-5.1.7.RELEASE.jar:5.1.7.RELEASE]
	at org.springframework.aop.framework.ReflectiveMethodInvocation.proceed(ReflectiveMethodInvocation.java:186) ~[spring-aop-5.1.7.RELEASE.jar:5.1.7.RELEASE]
	at org.springframework.aop.framework.JdkDynamicAopProxy.invoke(JdkDynamicAopProxy.java:212) ~[spring-aop-5.1.7.RELEASE.jar:5.1.7.RELEASE]
	at com.sun.proxy.$Proxy98.query(Unknown Source) ~[na:na]
	at cn.cnnic.report.service.ReportService.buildChannelDayCounts(ReportService.java:268) ~[classes/:na]
	at cn.cnnic.report.service.ReportService.dailyCount(ReportService.java:244) ~[classes/:na]
	at cn.cnnic.report.service.ReportService$$FastClassBySpringCGLIB$$8abfb102.invoke(<generated>) ~[classes/:na]
	at org.springframework.cglib.proxy.MethodProxy.invoke(MethodProxy.java:218) ~[spring-core-5.1.7.RELEASE.jar:5.1.7.RELEASE]
	at org.springframework.aop.framework.CglibAopProxy$CglibMethodInvocation.invokeJoinpoint(CglibAopProxy.java:749) ~[spring-aop-5.1.7.RELEASE.jar:5.1.7.RELEASE]
	at org.springframework.aop.framework.ReflectiveMethodInvocation.proceed(ReflectiveMethodInvocation.java:163) ~[spring-aop-5.1.7.RELEASE.jar:5.1.7.RELEASE]
	at org.springframework.aop.framework.adapter.MethodBeforeAdviceInterceptor.invoke(MethodBeforeAdviceInterceptor.java:56) ~[spring-aop-5.1.7.RELEASE.jar:5.1.7.RELEASE]
	at org.springframework.aop.framework.ReflectiveMethodInvocation.proceed(ReflectiveMethodInvocation.java:186) ~[spring-aop-5.1.7.RELEASE.jar:5.1.7.RELEASE]
	at org.springframework.aop.aspectj.MethodInvocationProceedingJoinPoint.proceed(MethodInvocationProceedingJoinPoint.java:88) ~[spring-aop-5.1.7.RELEASE.jar:5.1.7.RELEASE]
	at cn.cnnic.report.aspect.LogAdvice.printExecTime(LogAdvice.java:35) ~[classes/:na]
	at cn.cnnic.report.aspect.LogAdvice.calcServiceExecTime(LogAdvice.java:30) ~[classes/:na]
	at sun.reflect.NativeMethodAccessorImpl.invoke0(Native Method) ~[na:1.8.0_181]
	at sun.reflect.NativeMethodAccessorImpl.invoke(NativeMethodAccessorImpl.java:62) ~[na:1.8.0_181]
	at sun.reflect.DelegatingMethodAccessorImpl.invoke(DelegatingMethodAccessorImpl.java:43) ~[na:1.8.0_181]
	at java.lang.reflect.Method.invoke(Method.java:498) ~[na:1.8.0_181]
	at org.springframework.aop.aspectj.AbstractAspectJAdvice.invokeAdviceMethodWithGivenArgs(AbstractAspectJAdvice.java:644) ~[spring-aop-5.1.7.RELEASE.jar:5.1.7.RELEASE]
	at org.springframework.aop.aspectj.AbstractAspectJAdvice.invokeAdviceMethod(AbstractAspectJAdvice.java:633) ~[spring-aop-5.1.7.RELEASE.jar:5.1.7.RELEASE]
	at org.springframework.aop.aspectj.AspectJAroundAdvice.invoke(AspectJAroundAdvice.java:70) ~[spring-aop-5.1.7.RELEASE.jar:5.1.7.RELEASE]
	at org.springframework.aop.framework.ReflectiveMethodInvocation.proceed(ReflectiveMethodInvocation.java:186) ~[spring-aop-5.1.7.RELEASE.jar:5.1.7.RELEASE]
	at org.springframework.aop.interceptor.ExposeInvocationInterceptor.invoke(ExposeInvocationInterceptor.java:93) ~[spring-aop-5.1.7.RELEASE.jar:5.1.7.RELEASE]
	at org.springframework.aop.framework.ReflectiveMethodInvocation.proceed(ReflectiveMethodInvocation.java:186) ~[spring-aop-5.1.7.RELEASE.jar:5.1.7.RELEASE]
	at org.springframework.aop.framework.CglibAopProxy$DynamicAdvisedInterceptor.intercept(CglibAopProxy.java:688) ~[spring-aop-5.1.7.RELEASE.jar:5.1.7.RELEASE]
	at cn.cnnic.report.service.ReportService$$EnhancerBySpringCGLIB$$3a28add.dailyCount(<generated>) ~[classes/:na]
	at cn.cnnic.report.controller.ReportController.graph(ReportController.java:69) ~[classes/:na]
	at sun.reflect.NativeMethodAccessorImpl.invoke0(Native Method) ~[na:1.8.0_181]
	at sun.reflect.NativeMethodAccessorImpl.invoke(NativeMethodAccessorImpl.java:62) ~[na:1.8.0_181]
	at sun.reflect.DelegatingMethodAccessorImpl.invoke(DelegatingMethodAccessorImpl.java:43) ~[na:1.8.0_181]
	at java.lang.reflect.Method.invoke(Method.java:498) ~[na:1.8.0_181]
	at org.springframework.web.method.support.InvocableHandlerMethod.doInvoke(InvocableHandlerMethod.java:190) ~[spring-web-5.1.7.RELEASE.jar:5.1.7.RELEASE]
	at org.springframework.web.method.support.InvocableHandlerMethod.invokeForRequest(InvocableHandlerMethod.java:138) ~[spring-web-5.1.7.RELEASE.jar:5.1.7.RELEASE]
	at org.springframework.web.servlet.mvc.method.annotation.ServletInvocableHandlerMethod.invokeAndHandle(ServletInvocableHandlerMethod.java:104) ~[spring-webmvc-5.1.7.RELEASE.jar:5.1.7.RELEASE]
	at org.springframework.web.servlet.mvc.method.annotation.RequestMappingHandlerAdapter.invokeHandlerMethod(RequestMappingHandlerAdapter.java:892) ~[spring-webmvc-5.1.7.RELEASE.jar:5.1.7.RELEASE]
	at org.springframework.web.servlet.mvc.method.annotation.RequestMappingHandlerAdapter.handleInternal(RequestMappingHandlerAdapter.java:797) ~[spring-webmvc-5.1.7.RELEASE.jar:5.1.7.RELEASE]
	at org.springframework.web.servlet.mvc.method.AbstractHandlerMethodAdapter.handle(AbstractHandlerMethodAdapter.java:87) ~[spring-webmvc-5.1.7.RELEASE.jar:5.1.7.RELEASE]
	at org.springframework.web.servlet.DispatcherServlet.doDispatch(DispatcherServlet.java:1039) ~[spring-webmvc-5.1.7.RELEASE.jar:5.1.7.RELEASE]
	at org.springframework.web.servlet.DispatcherServlet.doService(DispatcherServlet.java:942) ~[spring-webmvc-5.1.7.RELEASE.jar:5.1.7.RELEASE]
	at org.springframework.web.servlet.FrameworkServlet.processRequest(FrameworkServlet.java:1005) ~[spring-webmvc-5.1.7.RELEASE.jar:5.1.7.RELEASE]
	at org.springframework.web.servlet.FrameworkServlet.doGet(FrameworkServlet.java:897) ~[spring-webmvc-5.1.7.RELEASE.jar:5.1.7.RELEASE]
	at javax.servlet.http.HttpServlet.service(HttpServlet.java:634) ~[tomcat-embed-core-9.0.19.jar:9.0.19]
	at org.springframework.web.servlet.FrameworkServlet.service(FrameworkServlet.java:882) ~[spring-webmvc-5.1.7.RELEASE.jar:5.1.7.RELEASE]
	at javax.servlet.http.HttpServlet.service(HttpServlet.java:741) ~[tomcat-embed-core-9.0.19.jar:9.0.19]
	at org.apache.catalina.core.ApplicationFilterChain.internalDoFilter(ApplicationFilterChain.java:231) ~[tomcat-embed-core-9.0.19.jar:9.0.19]
	at org.apache.catalina.core.ApplicationFilterChain.doFilter(ApplicationFilterChain.java:166) ~[tomcat-embed-core-9.0.19.jar:9.0.19]
	at org.apache.tomcat.websocket.server.WsFilter.doFilter(WsFilter.java:53) ~[tomcat-embed-websocket-9.0.19.jar:9.0.19]
	at org.apache.catalina.core.ApplicationFilterChain.internalDoFilter(ApplicationFilterChain.java:193) ~[tomcat-embed-core-9.0.19.jar:9.0.19]
	at org.apache.catalina.core.ApplicationFilterChain.doFilter(ApplicationFilterChain.java:166) ~[tomcat-embed-core-9.0.19.jar:9.0.19]
	at org.springframework.web.filter.RequestContextFilter.doFilterInternal(RequestContextFilter.java:99) ~[spring-web-5.1.7.RELEASE.jar:5.1.7.RELEASE]
	at org.springframework.web.filter.OncePerRequestFilter.doFilter(OncePerRequestFilter.java:107) ~[spring-web-5.1.7.RELEASE.jar:5.1.7.RELEASE]
	at org.apache.catalina.core.ApplicationFilterChain.internalDoFilter(ApplicationFilterChain.java:193) ~[tomcat-embed-core-9.0.19.jar:9.0.19]
	at org.apache.catalina.core.ApplicationFilterChain.doFilter(ApplicationFilterChain.java:166) ~[tomcat-embed-core-9.0.19.jar:9.0.19]
	at org.springframework.web.filter.FormContentFilter.doFilterInternal(FormContentFilter.java:92) ~[spring-web-5.1.7.RELEASE.jar:5.1.7.RELEASE]
	at org.springframework.web.filter.OncePerRequestFilter.doFilter(OncePerRequestFilter.java:107) ~[spring-web-5.1.7.RELEASE.jar:5.1.7.RELEASE]
	at org.apache.catalina.core.ApplicationFilterChain.internalDoFilter(ApplicationFilterChain.java:193) ~[tomcat-embed-core-9.0.19.jar:9.0.19]
	at org.apache.catalina.core.ApplicationFilterChain.doFilter(ApplicationFilterChain.java:166) ~[tomcat-embed-core-9.0.19.jar:9.0.19]
	at org.springframework.web.filter.HiddenHttpMethodFilter.doFilterInternal(HiddenHttpMethodFilter.java:93) ~[spring-web-5.1.7.RELEASE.jar:5.1.7.RELEASE]
	at org.springframework.web.filter.OncePerRequestFilter.doFilter(OncePerRequestFilter.java:107) ~[spring-web-5.1.7.RELEASE.jar:5.1.7.RELEASE]
	at org.apache.catalina.core.ApplicationFilterChain.internalDoFilter(ApplicationFilterChain.java:193) ~[tomcat-embed-core-9.0.19.jar:9.0.19]
	at org.apache.catalina.core.ApplicationFilterChain.doFilter(ApplicationFilterChain.java:166) ~[tomcat-embed-core-9.0.19.jar:9.0.19]
	at org.springframework.web.filter.CharacterEncodingFilter.doFilterInternal(CharacterEncodingFilter.java:200) ~[spring-web-5.1.7.RELEASE.jar:5.1.7.RELEASE]
	at org.springframework.web.filter.OncePerRequestFilter.doFilter(OncePerRequestFilter.java:107) ~[spring-web-5.1.7.RELEASE.jar:5.1.7.RELEASE]
	at org.apache.catalina.core.ApplicationFilterChain.internalDoFilter(ApplicationFilterChain.java:193) ~[tomcat-embed-core-9.0.19.jar:9.0.19]
	at org.apache.catalina.core.ApplicationFilterChain.doFilter(ApplicationFilterChain.java:166) ~[tomcat-embed-core-9.0.19.jar:9.0.19]
	at org.apache.catalina.core.StandardWrapperValve.invoke(StandardWrapperValve.java:200) ~[tomcat-embed-core-9.0.19.jar:9.0.19]
	at org.apache.catalina.core.StandardContextValve.invoke(StandardContextValve.java:96) [tomcat-embed-core-9.0.19.jar:9.0.19]
	at org.apache.catalina.authenticator.AuthenticatorBase.invoke(AuthenticatorBase.java:490) [tomcat-embed-core-9.0.19.jar:9.0.19]
	at org.apache.catalina.core.StandardHostValve.invoke(StandardHostValve.java:139) [tomcat-embed-core-9.0.19.jar:9.0.19]
	at org.apache.catalina.valves.ErrorReportValve.invoke(ErrorReportValve.java:92) [tomcat-embed-core-9.0.19.jar:9.0.19]
	at org.apache.catalina.core.StandardEngineValve.invoke(StandardEngineValve.java:74) [tomcat-embed-core-9.0.19.jar:9.0.19]
	at org.apache.catalina.connector.CoyoteAdapter.service(CoyoteAdapter.java:343) [tomcat-embed-core-9.0.19.jar:9.0.19]
	at org.apache.coyote.http11.Http11Processor.service(Http11Processor.java:408) [tomcat-embed-core-9.0.19.jar:9.0.19]
	at org.apache.coyote.AbstractProcessorLight.process(AbstractProcessorLight.java:66) [tomcat-embed-core-9.0.19.jar:9.0.19]
	at org.apache.coyote.AbstractProtocol$ConnectionHandler.process(AbstractProtocol.java:836) [tomcat-embed-core-9.0.19.jar:9.0.19]
	at org.apache.tomcat.util.net.NioEndpoint$SocketProcessor.doRun(NioEndpoint.java:1747) [tomcat-embed-core-9.0.19.jar:9.0.19]
	at org.apache.tomcat.util.net.SocketProcessorBase.run(SocketProcessorBase.java:49) [tomcat-embed-core-9.0.19.jar:9.0.19]
	at java.util.concurrent.ThreadPoolExecutor.runWorker(ThreadPoolExecutor.java:1149) [na:1.8.0_181]
	at java.util.concurrent.ThreadPoolExecutor$Worker.run(ThreadPoolExecutor.java:624) [na:1.8.0_181]
	at org.apache.tomcat.util.threads.TaskThread$WrappingRunnable.run(TaskThread.java:61) [tomcat-embed-core-9.0.19.jar:9.0.19]
	at java.lang.Thread.run(Thread.java:748) [na:1.8.0_181]

2019-07-03 11:24:51.736  INFO 15095 --- [Thread-16] o.s.s.concurrent.ThreadPoolTaskExecutor  : Shutting down ExecutorService 'applicationTaskExecutor'
2019-07-03 11:25:42.304  INFO 15095 --- [restartedMain] cn.cnnic.report.MainApplication          : Starting MainApplication on zhangtao with PID 15095 (/home/zhangt/workspace/JavaWorkspace/devEnv/MonthReport/target/classes started by zhangt in /home/zhangt/workspace/JavaWorkspace/devEnv/MonthReport)
2019-07-03 11:25:42.304  INFO 15095 --- [restartedMain] cn.cnnic.report.MainApplication          : No active profile set, falling back to default profiles: default
2019-07-03 11:25:42.470  WARN 15095 --- [restartedMain] o.m.s.mapper.ClassPathMapperScanner      : No MyBatis mapper was found in '[cn.cnnic.report.mapper]' package. Please check your configuration.
2019-07-03 11:25:42.499  WARN 15095 --- [restartedMain] o.m.s.mapper.ClassPathMapperScanner      : No MyBatis mapper was found in '[cn.cnnic.report]' package. Please check your configuration.
2019-07-03 11:25:42.654  INFO 15095 --- [restartedMain] o.s.b.w.embedded.tomcat.TomcatWebServer  : Tomcat initialized with port(s): 8080 (http)
2019-07-03 11:25:42.662  INFO 15095 --- [restartedMain] o.apache.catalina.core.StandardService   : Starting service [Tomcat]
2019-07-03 11:25:42.663  INFO 15095 --- [restartedMain] org.apache.catalina.core.StandardEngine  : Starting Servlet engine: [Apache Tomcat/9.0.19]
2019-07-03 11:25:42.746  INFO 15095 --- [restartedMain] org.apache.jasper.servlet.TldScanner     : At least one JAR was scanned for TLDs yet contained no TLDs. Enable debug logging for this logger for a complete list of JARs that were scanned but no TLDs were found in them. Skipping unneeded JARs during scanning can improve startup time and JSP compilation time.
2019-07-03 11:25:42.750  INFO 15095 --- [restartedMain] o.a.c.c.C.[Tomcat-1].[localhost].[/]     : Initializing Spring embedded WebApplicationContext
2019-07-03 11:25:42.753  INFO 15095 --- [restartedMain] o.s.web.context.ContextLoader            : Root WebApplicationContext: initialization completed in 444 ms
2019-07-03 11:25:42.875  INFO 15095 --- [restartedMain] o.s.s.concurrent.ThreadPoolTaskExecutor  : Initializing ExecutorService 'applicationTaskExecutor'
2019-07-03 11:25:42.919  INFO 15095 --- [restartedMain] o.s.b.a.w.s.WelcomePageHandlerMapping    : Adding welcome page template: index
2019-07-03 11:25:43.185  INFO 15095 --- [restartedMain] o.s.b.d.a.OptionalLiveReloadServer       : LiveReload server is running on port 35729
2019-07-03 11:25:43.269  INFO 15095 --- [restartedMain] o.s.b.w.embedded.tomcat.TomcatWebServer  : Tomcat started on port(s): 8080 (http) with context path ''
2019-07-03 11:25:43.270  INFO 15095 --- [restartedMain] cn.cnnic.report.MainApplication          : Started MainApplication in 1.025 seconds (JVM running for 435.204)
2019-07-03 11:25:43.669  INFO 15095 --- [restartedMain] .ConditionEvaluationDeltaLoggingListener : Condition evaluation delta:


==========================
CONDITION EVALUATION DELTA
==========================


Positive matches:
-----------------

   MybatisAutoConfiguration#sqlSessionFactory matched:
      - @ConditionalOnMissingBean (types: org.apache.ibatis.session.SqlSessionFactory; SearchStrategy: all) did not find any beans (OnBeanCondition)

   MybatisAutoConfiguration.MapperScannerRegistrarNotFoundConfiguration matched:
      - @ConditionalOnMissingBean (types: org.mybatis.spring.mapper.MapperFactoryBean; SearchStrategy: all) did not find any beans (OnBeanCondition)

   PropertyPlaceholderAutoConfiguration#propertySourcesPlaceholderConfigurer matched:
      - @ConditionalOnMissingBean (types: org.springframework.context.support.PropertySourcesPlaceholderConfigurer; SearchStrategy: current) did not find any beans (OnBeanCondition)


Negative matches:
-----------------

    None


Exclusions:
-----------

    None


Unconditional classes:
----------------------

    None



2019-07-03 11:25:47.995  INFO 15095 --- [Thread-22] o.s.s.concurrent.ThreadPoolTaskExecutor  : Shutting down ExecutorService 'applicationTaskExecutor'
2019-07-03 11:25:48.258  INFO 15095 --- [restartedMain] cn.cnnic.report.MainApplication          : Starting MainApplication on zhangtao with PID 15095 (/home/zhangt/workspace/JavaWorkspace/devEnv/MonthReport/target/classes started by zhangt in /home/zhangt/workspace/JavaWorkspace/devEnv/MonthReport)
2019-07-03 11:25:48.259  INFO 15095 --- [restartedMain] cn.cnnic.report.MainApplication          : No active profile set, falling back to default profiles: default
2019-07-03 11:25:48.512  INFO 15095 --- [restartedMain] o.s.c.a.ConfigurationClassEnhancer       : @Bean method ReportApplicationConfig.properties is non-static and returns an object assignable to Spring's BeanFactoryPostProcessor interface. This will result in a failure to process annotations such as @Autowired, @Resource and @PostConstruct within the method's declaring @Configuration class. Add the 'static' modifier to this method to avoid these container lifecycle issues; see @Bean javadoc for complete details.
2019-07-03 11:25:48.722  INFO 15095 --- [restartedMain] o.s.b.w.embedded.tomcat.TomcatWebServer  : Tomcat initialized with port(s): 8080 (http)
2019-07-03 11:25:48.723  INFO 15095 --- [restartedMain] o.apache.catalina.core.StandardService   : Starting service [Tomcat]
2019-07-03 11:25:48.724  INFO 15095 --- [restartedMain] org.apache.catalina.core.StandardEngine  : Starting Servlet engine: [Apache Tomcat/9.0.19]
2019-07-03 11:25:48.880  INFO 15095 --- [restartedMain] org.apache.jasper.servlet.TldScanner     : At least one JAR was scanned for TLDs yet contained no TLDs. Enable debug logging for this logger for a complete list of JARs that were scanned but no TLDs were found in them. Skipping unneeded JARs during scanning can improve startup time and JSP compilation time.
2019-07-03 11:25:48.886  INFO 15095 --- [restartedMain] o.a.c.c.C.[Tomcat-1].[localhost].[/]     : Initializing Spring embedded WebApplicationContext
2019-07-03 11:25:48.886  INFO 15095 --- [restartedMain] o.s.web.context.ContextLoader            : Root WebApplicationContext: initialization completed in 623 ms
2019-07-03 11:25:49.224  INFO 15095 --- [restartedMain] o.s.s.concurrent.ThreadPoolTaskExecutor  : Initializing ExecutorService 'applicationTaskExecutor'
2019-07-03 11:25:49.288  INFO 15095 --- [restartedMain] o.s.b.a.w.s.WelcomePageHandlerMapping    : Adding welcome page template: index
2019-07-03 11:25:49.529  INFO 15095 --- [restartedMain] o.s.b.d.a.OptionalLiveReloadServer       : LiveReload server is running on port 35729
2019-07-03 11:25:49.630  INFO 15095 --- [restartedMain] o.s.b.w.embedded.tomcat.TomcatWebServer  : Tomcat started on port(s): 8080 (http) with context path ''
2019-07-03 11:25:49.630  INFO 15095 --- [restartedMain] cn.cnnic.report.MainApplication          : Started MainApplication in 1.423 seconds (JVM running for 441.565)
2019-07-03 11:25:49.634  INFO 15095 --- [restartedMain] .ConditionEvaluationDeltaLoggingListener : Condition evaluation delta:


==========================
CONDITION EVALUATION DELTA
==========================


Positive matches:
-----------------

   MybatisConfig#sqlSessionFactoryBean matched:
      - @ConditionalOnMissingBean (types: org.mybatis.spring.SqlSessionFactoryBean; SearchStrategy: all) did not find any beans (OnBeanCondition)


Negative matches:
-----------------

   MybatisAutoConfiguration#sqlSessionFactory:
      Did not match:
         - @ConditionalOnMissingBean (types: org.apache.ibatis.session.SqlSessionFactory; SearchStrategy: all) found beans of type 'org.apache.ibatis.session.SqlSessionFactory' sqlSessionFactoryBean (OnBeanCondition)

   MybatisAutoConfiguration.MapperScannerRegistrarNotFoundConfiguration:
      Did not match:
         - @ConditionalOnMissingBean (types: org.mybatis.spring.mapper.MapperFactoryBean; SearchStrategy: all) found beans of type 'org.mybatis.spring.mapper.MapperFactoryBean' &reportTopMapper, &reportDailyMapper (OnBeanCondition)

   PropertyPlaceholderAutoConfiguration#propertySourcesPlaceholderConfigurer:
      Did not match:
         - @ConditionalOnMissingBean (types: org.springframework.context.support.PropertySourcesPlaceholderConfigurer; SearchStrategy: current) found beans of type 'org.springframework.context.support.PropertySourcesPlaceholderConfigurer' properties (OnBeanCondition)


Exclusions:
-----------

    None


Unconditional classes:
----------------------

    None



2019-07-03 11:29:40.644  INFO 15095 --- [Thread-36] o.s.s.concurrent.ThreadPoolTaskExecutor  : Shutting down ExecutorService 'applicationTaskExecutor'
2019-07-03 18:59:26.269  INFO 19308 --- [restartedMain] cn.cnnic.report.MainApplication          : Starting MainApplication on zhangtao with PID 19308 (/home/zhangt/workspace/JavaWorkspace/devEnv/MonthReport/target/classes started by zhangt in /home/zhangt/workspace/JavaWorkspace/devEnv/MonthReport)
2019-07-03 18:59:26.286  INFO 19308 --- [restartedMain] cn.cnnic.report.MainApplication          : No active profile set, falling back to default profiles: default
2019-07-03 18:59:26.387  INFO 19308 --- [restartedMain] .e.DevToolsPropertyDefaultsPostProcessor : Devtools property defaults active! Set 'spring.devtools.add-properties' to 'false' to disable
2019-07-03 18:59:26.387  INFO 19308 --- [restartedMain] .e.DevToolsPropertyDefaultsPostProcessor : For additional web related logging consider setting the 'logging.level.web' property to 'DEBUG'
2019-07-03 18:59:28.077  INFO 19308 --- [restartedMain] o.s.c.a.ConfigurationClassEnhancer       : @Bean method ReportApplicationConfig.properties is non-static and returns an object assignable to Spring's BeanFactoryPostProcessor interface. This will result in a failure to process annotations such as @Autowired, @Resource and @PostConstruct within the method's declaring @Configuration class. Add the 'static' modifier to this method to avoid these container lifecycle issues; see @Bean javadoc for complete details.
2019-07-03 18:59:30.284  INFO 19308 --- [restartedMain] o.s.b.w.embedded.tomcat.TomcatWebServer  : Tomcat initialized with port(s): 8080 (http)
2019-07-03 18:59:30.396  INFO 19308 --- [restartedMain] o.apache.catalina.core.StandardService   : Starting service [Tomcat]
2019-07-03 18:59:30.396  INFO 19308 --- [restartedMain] org.apache.catalina.core.StandardEngine  : Starting Servlet engine: [Apache Tomcat/9.0.19]
2019-07-03 18:59:30.837  INFO 19308 --- [restartedMain] org.apache.jasper.servlet.TldScanner     : At least one JAR was scanned for TLDs yet contained no TLDs. Enable debug logging for this logger for a complete list of JARs that were scanned but no TLDs were found in them. Skipping unneeded JARs during scanning can improve startup time and JSP compilation time.
2019-07-03 18:59:30.873  INFO 19308 --- [restartedMain] o.a.c.c.C.[Tomcat].[localhost].[/]       : Initializing Spring embedded WebApplicationContext
2019-07-03 18:59:30.874  INFO 19308 --- [restartedMain] o.s.web.context.ContextLoader            : Root WebApplicationContext: initialization completed in 4486 ms
2019-07-03 18:59:32.554  INFO 19308 --- [restartedMain] o.s.s.concurrent.ThreadPoolTaskExecutor  : Initializing ExecutorService 'applicationTaskExecutor'
2019-07-03 18:59:32.825  INFO 19308 --- [restartedMain] o.s.b.a.w.s.WelcomePageHandlerMapping    : Adding welcome page template: index
2019-07-03 18:59:34.326  INFO 19308 --- [restartedMain] o.s.b.d.a.OptionalLiveReloadServer       : LiveReload server is running on port 35729
2019-07-03 18:59:34.485  INFO 19308 --- [restartedMain] o.s.b.w.embedded.tomcat.TomcatWebServer  : Tomcat started on port(s): 8080 (http) with context path ''
2019-07-03 18:59:34.492  INFO 19308 --- [restartedMain] cn.cnnic.report.MainApplication          : Started MainApplication in 8.961 seconds (JVM running for 9.586)
2019-07-03 18:59:45.261  INFO 19308 --- [http-nio-8080-exec-1] o.a.c.c.C.[Tomcat].[localhost].[/]       : Initializing Spring DispatcherServlet 'dispatcherServlet'
2019-07-03 18:59:45.262  INFO 19308 --- [http-nio-8080-exec-1] o.s.web.servlet.DispatcherServlet        : Initializing Servlet 'dispatcherServlet'
2019-07-03 18:59:45.315  INFO 19308 --- [http-nio-8080-exec-1] o.s.web.servlet.DispatcherServlet        : Completed initialization in 53 ms
2019-07-03 18:59:56.432  INFO 19308 --- [http-nio-8080-exec-5] cn.cnnic.report.aspect.LogAdvice         : print method params=>[cn.cnnic.report.service.ReportService.generateReport(nicweblog,2019-0)]
2019-07-03 18:59:56.443  INFO 19308 --- [http-nio-8080-exec-5] cn.cnnic.report.aspect.LogAdvice         : print execution time=>[cn.cnnic.report.service.ReportService.generateReport() took 12ms]
2019-07-03 19:00:48.919  INFO 19308 --- [http-nio-8080-exec-5] cn.cnnic.report.aspect.LogAdvice         : print method params=>[cn.cnnic.report.service.ReportService.generateReport(nicweblog,2019-0)]
2019-07-03 19:00:48.919  INFO 19308 --- [http-nio-8080-exec-5] cn.cnnic.report.aspect.LogAdvice         : print execution time=>[cn.cnnic.report.service.ReportService.generateReport() took 0ms]
2019-07-03 19:00:50.876  INFO 19308 --- [http-nio-8080-exec-7] cn.cnnic.report.aspect.LogAdvice         : print method params=>[cn.cnnic.report.service.ReportService.generateReport(nicweblog,2019-0)]
2019-07-03 19:00:50.876  INFO 19308 --- [http-nio-8080-exec-7] cn.cnnic.report.aspect.LogAdvice         : print execution time=>[cn.cnnic.report.service.ReportService.generateReport() took 0ms]
2019-07-03 19:03:07.306  INFO 19308 --- [http-nio-8080-exec-7] cn.cnnic.report.aspect.LogAdvice         : print method params=>[cn.cnnic.report.service.ReportService.generateReport(nicweblog,2019-0)]
2019-07-03 19:03:07.306  INFO 19308 --- [http-nio-8080-exec-7] cn.cnnic.report.aspect.LogAdvice         : print execution time=>[cn.cnnic.report.service.ReportService.generateReport() took 0ms]
2019-07-03 19:03:11.224  INFO 19308 --- [http-nio-8080-exec-3] cn.cnnic.report.aspect.LogAdvice         : print method params=>[cn.cnnic.report.service.ReportService.generateReport(nicweblog,2019-0)]
2019-07-03 19:03:11.225  INFO 19308 --- [http-nio-8080-exec-3] cn.cnnic.report.aspect.LogAdvice         : print execution time=>[cn.cnnic.report.service.ReportService.generateReport() took 1ms]
2019-07-03 19:03:15.001  INFO 19308 --- [http-nio-8080-exec-1] cn.cnnic.report.aspect.LogAdvice         : print method params=>[cn.cnnic.report.service.ReportService.generateReport(nicweblog,2019-0)]
2019-07-03 19:03:15.001  INFO 19308 --- [http-nio-8080-exec-1] cn.cnnic.report.aspect.LogAdvice         : print execution time=>[cn.cnnic.report.service.ReportService.generateReport() took 0ms]
2019-07-03 19:03:46.883  INFO 19308 --- [http-nio-8080-exec-5] cn.cnnic.report.aspect.LogAdvice         : print method params=>[cn.cnnic.report.service.ReportService.generateReport(nicweblog,2019-0)]
2019-07-03 19:03:46.884  INFO 19308 --- [http-nio-8080-exec-5] cn.cnnic.report.aspect.LogAdvice         : print execution time=>[cn.cnnic.report.service.ReportService.generateReport() took 1ms]
2019-07-03 19:05:02.160  INFO 19308 --- [http-nio-8080-exec-8] cn.cnnic.report.aspect.LogAdvice         : print method params=>[cn.cnnic.report.service.ReportService.generateReport(nicweblog,2019-0)]
2019-07-03 19:05:02.160  INFO 19308 --- [http-nio-8080-exec-8] cn.cnnic.report.aspect.LogAdvice         : print execution time=>[cn.cnnic.report.service.ReportService.generateReport() took 0ms]
2019-07-03 19:08:07.100  INFO 19308 --- [http-nio-8080-exec-6] cn.cnnic.report.aspect.LogAdvice         : print method params=>[cn.cnnic.report.service.ReportService.generateReport(nicweblog,2019-0)]
2019-07-03 19:08:07.100  INFO 19308 --- [http-nio-8080-exec-6] cn.cnnic.report.aspect.LogAdvice         : print execution time=>[cn.cnnic.report.service.ReportService.generateReport() took 0ms]
2019-07-03 19:08:32.381  INFO 19308 --- [http-nio-8080-exec-10] cn.cnnic.report.aspect.LogAdvice         : print method params=>[cn.cnnic.report.service.ReportService.generateReport(nicweblog,2019-0)]
2019-07-03 19:08:32.381  INFO 19308 --- [http-nio-8080-exec-10] cn.cnnic.report.aspect.LogAdvice         : print execution time=>[cn.cnnic.report.service.ReportService.generateReport() took 0ms]
2019-07-03 19:09:01.645  INFO 19308 --- [http-nio-8080-exec-6] cn.cnnic.report.aspect.LogAdvice         : print method params=>[cn.cnnic.report.service.ReportService.generateReport(nicweblog,2019-0)]
2019-07-03 19:09:01.645  INFO 19308 --- [http-nio-8080-exec-6] cn.cnnic.report.aspect.LogAdvice         : print execution time=>[cn.cnnic.report.service.ReportService.generateReport() took 0ms]
2019-07-03 19:09:09.438  INFO 19308 --- [http-nio-8080-exec-1] cn.cnnic.report.aspect.LogAdvice         : print method params=>[cn.cnnic.report.service.ReportService.generateReport(nicweblog,2019-0)]
2019-07-03 19:09:09.438  INFO 19308 --- [http-nio-8080-exec-1] cn.cnnic.report.aspect.LogAdvice         : print execution time=>[cn.cnnic.report.service.ReportService.generateReport() took 0ms]
2019-07-03 19:09:38.303  INFO 19308 --- [http-nio-8080-exec-7] cn.cnnic.report.aspect.LogAdvice         : print method params=>[cn.cnnic.report.service.ReportService.generateReport(nicweblog,2019-0)]
2019-07-03 19:09:38.303  INFO 19308 --- [http-nio-8080-exec-7] cn.cnnic.report.aspect.LogAdvice         : print execution time=>[cn.cnnic.report.service.ReportService.generateReport() took 0ms]
2019-07-03 19:10:04.366  INFO 19308 --- [http-nio-8080-exec-3] cn.cnnic.report.aspect.LogAdvice         : print method params=>[cn.cnnic.report.service.ReportService.generateReport(nicweblog,2019-0)]
2019-07-03 19:10:04.367  INFO 19308 --- [http-nio-8080-exec-3] cn.cnnic.report.aspect.LogAdvice         : print execution time=>[cn.cnnic.report.service.ReportService.generateReport() took 1ms]
2019-07-03 19:10:06.100  INFO 19308 --- [http-nio-8080-exec-2] cn.cnnic.report.aspect.LogAdvice         : print method params=>[cn.cnnic.report.service.ReportService.generateReport(nicweblog,2019-0)]
2019-07-03 19:10:06.100  INFO 19308 --- [http-nio-8080-exec-2] cn.cnnic.report.aspect.LogAdvice         : print execution time=>[cn.cnnic.report.service.ReportService.generateReport() took 0ms]
2019-07-03 19:10:07.549  INFO 19308 --- [http-nio-8080-exec-4] cn.cnnic.report.aspect.LogAdvice         : print method params=>[cn.cnnic.report.service.ReportService.generateReport(nicweblog,2019-0)]
2019-07-03 19:10:07.550  INFO 19308 --- [http-nio-8080-exec-4] cn.cnnic.report.aspect.LogAdvice         : print execution time=>[cn.cnnic.report.service.ReportService.generateReport() took 1ms]
2019-07-03 19:10:30.525  INFO 19308 --- [http-nio-8080-exec-1] cn.cnnic.report.aspect.LogAdvice         : print method params=>[cn.cnnic.report.service.ReportService.generateReport(nicweblog,2019-0)]
2019-07-03 19:10:30.526  INFO 19308 --- [http-nio-8080-exec-1] cn.cnnic.report.aspect.LogAdvice         : print execution time=>[cn.cnnic.report.service.ReportService.generateReport() took 1ms]
2019-07-03 19:11:27.581  INFO 19308 --- [http-nio-8080-exec-7] cn.cnnic.report.aspect.LogAdvice         : print method params=>[cn.cnnic.report.service.ReportService.generateReport(nicweblog,2019-0)]
2019-07-03 19:11:27.582  INFO 19308 --- [http-nio-8080-exec-7] cn.cnnic.report.aspect.LogAdvice         : print execution time=>[cn.cnnic.report.service.ReportService.generateReport() took 1ms]
2019-07-03 19:11:45.667  INFO 19308 --- [http-nio-8080-exec-3] cn.cnnic.report.aspect.LogAdvice         : print method params=>[cn.cnnic.report.service.ReportService.generateReport(nicweblog,2019-0)]
2019-07-03 19:11:45.668  INFO 19308 --- [http-nio-8080-exec-3] cn.cnnic.report.aspect.LogAdvice         : print execution time=>[cn.cnnic.report.service.ReportService.generateReport() took 1ms]
2019-07-03 19:12:00.831  INFO 19308 --- [http-nio-8080-exec-2] cn.cnnic.report.aspect.LogAdvice         : print method params=>[cn.cnnic.report.service.ReportService.generateReport(nicweblog,2019-0)]
2019-07-03 19:12:00.831  INFO 19308 --- [http-nio-8080-exec-2] cn.cnnic.report.aspect.LogAdvice         : print execution time=>[cn.cnnic.report.service.ReportService.generateReport() took 1ms]
2019-07-03 19:12:07.428  INFO 19308 --- [http-nio-8080-exec-4] cn.cnnic.report.aspect.LogAdvice         : print method params=>[cn.cnnic.report.service.ReportService.deleteFile(nicweblog,2019-0)]
2019-07-03 19:12:07.428  INFO 19308 --- [http-nio-8080-exec-4] cn.cnnic.report.aspect.LogAdvice         : print execution time=>[cn.cnnic.report.service.ReportService.deleteFile() took 0ms]
2019-07-03 19:12:09.221  INFO 19308 --- [http-nio-8080-exec-6] cn.cnnic.report.aspect.LogAdvice         : print method params=>[cn.cnnic.report.service.ReportService.generateReport(nicweblog,2019-0)]
2019-07-03 19:12:09.248  INFO 19308 --- [http-nio-8080-exec-6] cn.cnnic.report.aspect.LogAdvice         : print method params=>[cn.cnnic.report.mapper.ReportDailyMapper.delete(nicweblog,2019-03-01,2019-04-0)]
2019-07-03 19:12:09.402  INFO 19308 --- [http-nio-8080-exec-6] com.zaxxer.hikari.HikariDataSource       : HikariPool-1 - Starting...
2019-07-03 19:12:10.099  INFO 19308 --- [http-nio-8080-exec-6] com.zaxxer.hikari.HikariDataSource       : HikariPool-1 - Start completed.
2019-07-03 19:12:10.355  INFO 19308 --- [http-nio-8080-exec-6] cn.cnnic.report.aspect.LogAdvice         : print execution time=>[cn.cnnic.report.mapper.ReportDailyMapper.delete() took 1107ms]
2019-07-03 19:12:10.356  INFO 19308 --- [http-nio-8080-exec-6] cn.cnnic.report.aspect.LogAdvice         : print method params=>[cn.cnnic.report.mapper.ReportTopMapper.delete(nicweblog,2019-0)]
2019-07-03 19:12:10.584  INFO 19308 --- [http-nio-8080-exec-6] cn.cnnic.report.aspect.LogAdvice         : print execution time=>[cn.cnnic.report.mapper.ReportTopMapper.delete() took 228ms]
2019-07-03 19:12:10.938  INFO 19308 --- [http-nio-8080-exec-6] cn.cnnic.report.aspect.LogAdvice         : print method params=>[cn.cnnic.report.service.ElasticsearchService.doSearch(logstash-nicweblog-2019.03.*,{
  "bool" : {
    "must_not" : [
      {
        "term" : {
          "elk_client_ip" : {
            "value" : "218.241.115.188",
            "boost" : 1.0
          }
        }
      }
    ],
    "should" : [
      {
        "wildcard" : {
          "elk_client_ip" : {
            "wildcard" : "218.241.115.*",
            "boost" : 1.0
          }
        }
      }
    ],
    "adjust_pure_negative" : true,
    "boost" : 1.0
  }
},{"group_by_elk_request_url":{"terms":{"field":"elk_request_url.keyword","size":100,"min_doc_count":1,"shard_min_doc_count":0,"show_term_doc_count_error":false,"order":[{"_count":"desc"},{"_key":"asc"}]}})]
2019-07-03 19:12:14.653  INFO 19308 --- [http-nio-8080-exec-6] cn.cnnic.report.aspect.LogAdvice         : print execution time=>[cn.cnnic.report.service.ElasticsearchService.doSearch() took 3856ms]
2019-07-03 19:12:14.654  INFO 19308 --- [http-nio-8080-exec-6] cn.cnnic.report.aspect.LogAdvice         : print method params=>[cn.cnnic.report.service.ElasticsearchService.doSearch(logstash-nicweblog-2019.03.*,{
  "bool" : {
    "must_not" : [
      {
        "term" : {
          "elk_client_ip" : {
            "value" : "218.241.115.188",
            "boost" : 1.0
          }
        }
      }
    ],
    "should" : [
      {
        "wildcard" : {
          "elk_client_ip" : {
            "wildcard" : "218.241.115.*",
            "boost" : 1.0
          }
        }
      }
    ],
    "adjust_pure_negative" : true,
    "boost" : 1.0
  }
},{"group_by_elk_client_ip":{"terms":{"field":"elk_client_ip.keyword","size":100,"min_doc_count":1,"shard_min_doc_count":0,"show_term_doc_count_error":false,"order":[{"_count":"desc"},{"_key":"asc"}]}})]
2019-07-03 19:12:15.230  INFO 19308 --- [http-nio-8080-exec-6] cn.cnnic.report.aspect.LogAdvice         : print execution time=>[cn.cnnic.report.service.ElasticsearchService.doSearch() took 576ms]
2019-07-03 19:12:15.232  INFO 19308 --- [http-nio-8080-exec-6] cn.cnnic.report.aspect.LogAdvice         : print method params=>[cn.cnnic.report.service.ElasticsearchService.doSearch(logstash-nicweblog-2019.03.*,{
  "bool" : {
    "must_not" : [
      {
        "term" : {
          "elk_client_ip" : {
            "value" : "218.241.115.188",
            "boost" : 1.0
          }
        }
      }
    ],
    "should" : [
      {
        "wildcard" : {
          "elk_client_ip" : {
            "wildcard" : "218.241.115.*",
            "boost" : 1.0
          }
        }
      }
    ],
    "adjust_pure_negative" : true,
    "boost" : 1.0
  }
},{"group_by_elk_user_agent":{"terms":{"field":"elk_user_agent.keyword","size":100,"min_doc_count":1,"shard_min_doc_count":0,"show_term_doc_count_error":false,"order":[{"_count":"desc"},{"_key":"asc"}]}})]
2019-07-03 19:12:15.744  INFO 19308 --- [http-nio-8080-exec-6] cn.cnnic.report.aspect.LogAdvice         : print execution time=>[cn.cnnic.report.service.ElasticsearchService.doSearch() took 512ms]
2019-07-03 19:12:15.745  INFO 19308 --- [http-nio-8080-exec-6] cn.cnnic.report.aspect.LogAdvice         : print method params=>[cn.cnnic.report.mapper.ReportTopMapper.batchInsert([ReportTopPO [id=0, serviceName=nicweblog, reportType=main-center, reportDate=2019-03, fieldName=elk_request_url, fieldValue=/download/cert/CNNICEVSSL.cer, docCount=5085], ReportTopPO [id=0, serviceName=nicweblog, reportType=main-center, reportDate=2019-03, fieldName=elk_request_url, fieldValue=/download/dqcrl/crl1.crl, docCount=5085], ReportTopPO [id=0, serviceName=nicweblog, reportType=main-center, reportDate=2019-03, fieldName=elk_request_url, fieldValue=/download/crl/CRL1.crl, docCount=5084], ReportTopPO [id=0, serviceName=nicweblog, reportType=main-center, reportDate=2019-03, fieldName=elk_request_url, fieldValue=/download/evrootcrl/crl1.crl, docCount=5084], ReportTopPO [id=0, serviceName=nicweblog, reportType=main-center, reportDate=2019-03, fieldName=elk_request_url, fieldValue=/, docCount=5083], ReportTopPO [id=0, serviceName=nicweblog, reportType=main-center, reportDate=2019-03, fieldName=elk_request_url, fieldValue=/download/cert/CNNICSSL.cer, docCount=5082], ReportTopPO [id=0, serviceName=nicweblog, reportType=main-center, reportDate=2019-03, fieldName=elk_request_url, fieldValue=/download/cert/SHA2SSL.cer, docCount=5082], ReportTopPO [id=0, serviceName=nicweblog, reportType=main-center, reportDate=2019-03, fieldName=elk_request_url, fieldValue=/download/dqcrl/crl2.crl, docCount=5070], ReportTopPO [id=0, serviceName=nicweblog, reportType=main-center, reportDate=2019-03, fieldName=elk_request_url, fieldValue=/download/rootsha2crl/CRL1.crl, docCount=5069], ReportTopPO [id=0, serviceName=nicweblog, reportType=main-center, reportDate=2019-03, fieldName=elk_request_url, fieldValue=/download/rootcrl/CRL1.crl, docCount=5062], ReportTopPO [id=0, serviceName=nicweblog, reportType=main-center, reportDate=2019-03, fieldName=elk_request_url, fieldValue=/download/cert/CNNICEVROOT.cer, docCount=5061], ReportTopPO [id=0, serviceName=nicweblog, reportType=main-center, reportDate=2019-03, fieldName=elk_request_url, fieldValue=/download/evcrl/crl1.crl, docCount=5061], ReportTopPO [id=0, serviceName=nicweblog, reportType=main-center, reportDate=2019-03, fieldName=elk_client_ip, fieldValue=218.241.115.155, docCount=60908], ReportTopPO [id=0, serviceName=nicweblog, reportType=main-center, reportDate=2019-03, fieldName=elk_user_agent, fieldValue="curl/7.15.5 (x86_64-redhat-linux-gnu) libcurl/7.15.5 OpenSSL/0.9.8b zlib/1.2.3 libidn/0.6.5", docCount=60908])]
2019-07-03 19:12:15.910  INFO 19308 --- [http-nio-8080-exec-6] cn.cnnic.report.aspect.LogAdvice         : print execution time=>[cn.cnnic.report.mapper.ReportTopMapper.batchInsert() took 165ms]
2019-07-03 19:12:16.092  INFO 19308 --- [http-nio-8080-exec-6] cn.cnnic.report.aspect.LogAdvice         : print method params=>[cn.cnnic.report.service.ElasticsearchService.doSearch(logstash-nicweblog-2019.03.*,{
  "bool" : {
    "must_not" : [
      {
        "term" : {
          "elk_client_ip" : {
            "value" : "218.241.115.188",
            "boost" : 1.0
          }
        }
      }
    ],
    "should" : [
      {
        "wildcard" : {
          "elk_client_ip" : {
            "wildcard" : "218.241.115.*",
            "boost" : 1.0
          }
        }
      }
    ],
    "adjust_pure_negative" : true,
    "boost" : 1.0
  }
},{"group_by_daily":{"date_histogram":{"field":"@timestamp","format":"yyyy-MM-dd","interval":"1d","offset":0,"order":{"_key":"asc"},"keyed":false,"min_doc_count":0}})]
2019-07-03 19:12:16.517  INFO 19308 --- [http-nio-8080-exec-6] cn.cnnic.report.aspect.LogAdvice         : print execution time=>[cn.cnnic.report.service.ElasticsearchService.doSearch() took 425ms]
2019-07-03 19:12:16.519  INFO 19308 --- [http-nio-8080-exec-6] cn.cnnic.report.aspect.LogAdvice         : print method params=>[cn.cnnic.report.mapper.ReportDailyMapper.batchInsert([ReportDailyPO [id=0, serviceName=nicweblog, reportType=main-center, reportDate=2019-03-15, docCount=60908])]
2019-07-03 19:12:16.554  INFO 19308 --- [http-nio-8080-exec-6] cn.cnnic.report.aspect.LogAdvice         : print execution time=>[cn.cnnic.report.mapper.ReportDailyMapper.batchInsert() took 35ms]
2019-07-03 19:12:16.554  INFO 19308 --- [http-nio-8080-exec-6] cn.cnnic.report.aspect.LogAdvice         : print method params=>[cn.cnnic.report.service.ElasticsearchService.doSearch(logstash-nicweblog-2019.03.*,{
  "bool" : {
    "should" : [
      {
        "term" : {
          "elk_client_ip" : {
            "value" : "218.241.115.188",
            "boost" : 1.0
          }
        }
      }
    ],
    "adjust_pure_negative" : true,
    "boost" : 1.0
  }
},{"group_by_elk_request_url":{"terms":{"field":"elk_request_url.keyword","size":100,"min_doc_count":1,"shard_min_doc_count":0,"show_term_doc_count_error":false,"order":[{"_count":"desc"},{"_key":"asc"}]}})]
2019-07-03 19:12:16.602  INFO 19308 --- [http-nio-8080-exec-6] cn.cnnic.report.aspect.LogAdvice         : print execution time=>[cn.cnnic.report.service.ElasticsearchService.doSearch() took 48ms]
2019-07-03 19:12:16.603  INFO 19308 --- [http-nio-8080-exec-6] cn.cnnic.report.aspect.LogAdvice         : print method params=>[cn.cnnic.report.service.ElasticsearchService.doSearch(logstash-nicweblog-2019.03.*,{
  "bool" : {
    "should" : [
      {
        "term" : {
          "elk_client_ip" : {
            "value" : "218.241.115.188",
            "boost" : 1.0
          }
        }
      }
    ],
    "adjust_pure_negative" : true,
    "boost" : 1.0
  }
},{"group_by_elk_client_ip":{"terms":{"field":"elk_client_ip.keyword","size":100,"min_doc_count":1,"shard_min_doc_count":0,"show_term_doc_count_error":false,"order":[{"_count":"desc"},{"_key":"asc"}]}})]
2019-07-03 19:12:16.629  INFO 19308 --- [http-nio-8080-exec-6] cn.cnnic.report.aspect.LogAdvice         : print execution time=>[cn.cnnic.report.service.ElasticsearchService.doSearch() took 26ms]
2019-07-03 19:12:16.630  INFO 19308 --- [http-nio-8080-exec-6] cn.cnnic.report.aspect.LogAdvice         : print method params=>[cn.cnnic.report.service.ElasticsearchService.doSearch(logstash-nicweblog-2019.03.*,{
  "bool" : {
    "should" : [
      {
        "term" : {
          "elk_client_ip" : {
            "value" : "218.241.115.188",
            "boost" : 1.0
          }
        }
      }
    ],
    "adjust_pure_negative" : true,
    "boost" : 1.0
  }
},{"group_by_elk_user_agent":{"terms":{"field":"elk_user_agent.keyword","size":100,"min_doc_count":1,"shard_min_doc_count":0,"show_term_doc_count_error":false,"order":[{"_count":"desc"},{"_key":"asc"}]}})]
2019-07-03 19:12:16.660  INFO 19308 --- [http-nio-8080-exec-6] cn.cnnic.report.aspect.LogAdvice         : print execution time=>[cn.cnnic.report.service.ElasticsearchService.doSearch() took 30ms]
2019-07-03 19:12:16.677  INFO 19308 --- [http-nio-8080-exec-6] cn.cnnic.report.aspect.LogAdvice         : print method params=>[cn.cnnic.report.mapper.ReportTopMapper.batchInsert([ReportTopPO [id=0, serviceName=nicweblog, reportType=monitor, reportDate=2019-03, fieldName=elk_request_url, fieldValue=/download/evrootcrl/crl1.crl, docCount=5098], ReportTopPO [id=0, serviceName=nicweblog, reportType=monitor, reportDate=2019-03, fieldName=elk_request_url, fieldValue=/download/rootsha2crl/CRL1.crl, docCount=5085], ReportTopPO [id=0, serviceName=nicweblog, reportType=monitor, reportDate=2019-03, fieldName=elk_request_url, fieldValue=/download/evcrl/crl1.crl, docCount=5084], ReportTopPO [id=0, serviceName=nicweblog, reportType=monitor, reportDate=2019-03, fieldName=elk_request_url, fieldValue=/download/rootcrl/CRL1.crl, docCount=5082], ReportTopPO [id=0, serviceName=nicweblog, reportType=monitor, reportDate=2019-03, fieldName=elk_request_url, fieldValue=/download/crl/CRL1.crl, docCount=5062], ReportTopPO [id=0, serviceName=nicweblog, reportType=monitor, reportDate=2019-03, fieldName=elk_request_url, fieldValue=/download/dqcrl/crl1.crl, docCount=5062], ReportTopPO [id=0, serviceName=nicweblog, reportType=monitor, reportDate=2019-03, fieldName=elk_request_url, fieldValue=/download/sha2crl/crl1.crl, docCount=5061], ReportTopPO [id=0, serviceName=nicweblog, reportType=monitor, reportDate=2019-03, fieldName=elk_client_ip, fieldValue=218.241.115.188, docCount=35534], ReportTopPO [id=0, serviceName=nicweblog, reportType=monitor, reportDate=2019-03, fieldName=elk_user_agent, fieldValue="curl/7.15.5 (x86_64-redhat-linux-gnu) libcurl/7.15.5 OpenSSL/0.9.8b zlib/1.2.3 libidn/0.6.5", docCount=35534])]
2019-07-03 19:12:16.720  INFO 19308 --- [http-nio-8080-exec-6] cn.cnnic.report.aspect.LogAdvice         : print execution time=>[cn.cnnic.report.mapper.ReportTopMapper.batchInsert() took 44ms]
2019-07-03 19:12:16.721  INFO 19308 --- [http-nio-8080-exec-6] cn.cnnic.report.aspect.LogAdvice         : print method params=>[cn.cnnic.report.service.ElasticsearchService.doSearch(logstash-nicweblog-2019.03.*,{
  "bool" : {
    "should" : [
      {
        "term" : {
          "elk_client_ip" : {
            "value" : "218.241.115.188",
            "boost" : 1.0
          }
        }
      }
    ],
    "adjust_pure_negative" : true,
    "boost" : 1.0
  }
},{"group_by_daily":{"date_histogram":{"field":"@timestamp","format":"yyyy-MM-dd","interval":"1d","offset":0,"order":{"_key":"asc"},"keyed":false,"min_doc_count":0}})]
2019-07-03 19:12:16.738  INFO 19308 --- [http-nio-8080-exec-6] cn.cnnic.report.aspect.LogAdvice         : print execution time=>[cn.cnnic.report.service.ElasticsearchService.doSearch() took 17ms]
2019-07-03 19:12:16.746  INFO 19308 --- [http-nio-8080-exec-6] cn.cnnic.report.aspect.LogAdvice         : print method params=>[cn.cnnic.report.mapper.ReportDailyMapper.batchInsert([ReportDailyPO [id=0, serviceName=nicweblog, reportType=monitor, reportDate=2019-03-15, docCount=35534])]
2019-07-03 19:12:16.787  INFO 19308 --- [http-nio-8080-exec-6] cn.cnnic.report.aspect.LogAdvice         : print execution time=>[cn.cnnic.report.mapper.ReportDailyMapper.batchInsert() took 41ms]
2019-07-03 19:12:16.787  INFO 19308 --- [http-nio-8080-exec-6] cn.cnnic.report.aspect.LogAdvice         : print method params=>[cn.cnnic.report.service.ElasticsearchService.doSearch(logstash-nicweblog-2019.03.*,{
  "bool" : {
    "adjust_pure_negative" : true,
    "boost" : 1.0
  }
},{"group_by_daily":{"date_histogram":{"field":"@timestamp","format":"yyyy-MM-dd","interval":"1d","offset":0,"order":{"_key":"asc"},"keyed":false,"min_doc_count":0}})]
2019-07-03 19:12:16.852  INFO 19308 --- [http-nio-8080-exec-6] cn.cnnic.report.aspect.LogAdvice         : print execution time=>[cn.cnnic.report.service.ElasticsearchService.doSearch() took 65ms]
2019-07-03 19:12:16.864  INFO 19308 --- [http-nio-8080-exec-6] cn.cnnic.report.aspect.LogAdvice         : print method params=>[cn.cnnic.report.mapper.ReportDailyMapper.batchInsert([ReportDailyPO [id=0, serviceName=nicweblog, reportType=total, reportDate=2019-03-15, docCount=578388], ReportDailyPO [id=0, serviceName=nicweblog, reportType=total, reportDate=2019-03-16, docCount=0], ReportDailyPO [id=0, serviceName=nicweblog, reportType=total, reportDate=2019-03-17, docCount=0], ReportDailyPO [id=0, serviceName=nicweblog, reportType=total, reportDate=2019-03-18, docCount=0], ReportDailyPO [id=0, serviceName=nicweblog, reportType=total, reportDate=2019-03-19, docCount=0], ReportDailyPO [id=0, serviceName=nicweblog, reportType=total, reportDate=2019-03-20, docCount=0], ReportDailyPO [id=0, serviceName=nicweblog, reportType=total, reportDate=2019-03-21, docCount=0], ReportDailyPO [id=0, serviceName=nicweblog, reportType=total, reportDate=2019-03-22, docCount=0], ReportDailyPO [id=0, serviceName=nicweblog, reportType=total, reportDate=2019-03-23, docCount=0], ReportDailyPO [id=0, serviceName=nicweblog, reportType=total, reportDate=2019-03-24, docCount=0], ReportDailyPO [id=0, serviceName=nicweblog, reportType=total, reportDate=2019-03-25, docCount=0], ReportDailyPO [id=0, serviceName=nicweblog, reportType=total, reportDate=2019-03-26, docCount=0], ReportDailyPO [id=0, serviceName=nicweblog, reportType=total, reportDate=2019-03-27, docCount=0], ReportDailyPO [id=0, serviceName=nicweblog, reportType=total, reportDate=2019-03-28, docCount=0], ReportDailyPO [id=0, serviceName=nicweblog, reportType=total, reportDate=2019-03-29, docCount=0], ReportDailyPO [id=0, serviceName=nicweblog, reportType=total, reportDate=2019-03-30, docCount=0], ReportDailyPO [id=0, serviceName=nicweblog, reportType=total, reportDate=2019-03-31, docCount=0])]
2019-07-03 19:12:16.920  INFO 19308 --- [http-nio-8080-exec-6] cn.cnnic.report.aspect.LogAdvice         : print execution time=>[cn.cnnic.report.mapper.ReportDailyMapper.batchInsert() took 56ms]
2019-07-03 19:12:16.921  INFO 19308 --- [http-nio-8080-exec-6] cn.cnnic.report.aspect.LogAdvice         : print method params=>[cn.cnnic.report.service.ElasticsearchService.doSearch(logstash-nicweblog-2019.03.*,{
  "bool" : {
    "must_not" : [
      {
        "term" : {
          "elk_client_ip" : {
            "value" : "218.241.115.188",
            "boost" : 1.0
          }
        }
      }
    ],
    "should" : [
      {
        "wildcard" : {
          "elk_client_ip" : {
            "wildcard" : "218.241.115.*",
            "boost" : 1.0
          }
        }
      }
    ],
    "adjust_pure_negative" : true,
    "boost" : 1.0
  }
},nul)]
2019-07-03 19:12:16.954  INFO 19308 --- [http-nio-8080-exec-6] cn.cnnic.report.aspect.LogAdvice         : print execution time=>[cn.cnnic.report.service.ElasticsearchService.doSearch() took 33ms]
2019-07-03 19:12:16.954  INFO 19308 --- [http-nio-8080-exec-6] cn.cnnic.report.aspect.LogAdvice         : print method params=>[cn.cnnic.report.service.ElasticsearchService.doSearch(logstash-nicweblog-2019.03.*,{
  "bool" : {
    "should" : [
      {
        "term" : {
          "elk_client_ip" : {
            "value" : "218.241.115.188",
            "boost" : 1.0
          }
        }
      }
    ],
    "adjust_pure_negative" : true,
    "boost" : 1.0
  }
},nul)]
2019-07-03 19:12:16.967  INFO 19308 --- [http-nio-8080-exec-6] cn.cnnic.report.aspect.LogAdvice         : print execution time=>[cn.cnnic.report.service.ElasticsearchService.doSearch() took 13ms]
2019-07-03 19:12:16.967  INFO 19308 --- [http-nio-8080-exec-6] cn.cnnic.report.aspect.LogAdvice         : print method params=>[cn.cnnic.report.service.ElasticsearchService.doSearch(logstash-nicweblog-2019.03.*,{
  "bool" : {
    "adjust_pure_negative" : true,
    "boost" : 1.0
  }
},nul)]
2019-07-03 19:12:17.001  INFO 19308 --- [http-nio-8080-exec-6] cn.cnnic.report.aspect.LogAdvice         : print execution time=>[cn.cnnic.report.service.ElasticsearchService.doSearch() took 34ms]
2019-07-03 19:12:17.002  INFO 19308 --- [http-nio-8080-exec-6] cn.cnnic.report.aspect.LogAdvice         : print execution time=>[cn.cnnic.report.service.ReportService.generateReport() took 7781ms]
2019-07-03 19:12:22.025  INFO 19308 --- [http-nio-8080-exec-10] cn.cnnic.report.aspect.LogAdvice         : print method params=>[cn.cnnic.report.service.ReportService.generateReport(nicweblog,2019-0)]
2019-07-03 19:12:22.025  INFO 19308 --- [http-nio-8080-exec-10] cn.cnnic.report.aspect.LogAdvice         : print execution time=>[cn.cnnic.report.service.ReportService.generateReport() took 0ms]
2019-07-03 19:12:37.830  INFO 19308 --- [http-nio-8080-exec-8] cn.cnnic.report.aspect.LogAdvice         : print method params=>[cn.cnnic.report.service.ReportService.generateReport(nicweblog,2019-0)]
2019-07-03 19:12:37.831  INFO 19308 --- [http-nio-8080-exec-8] cn.cnnic.report.aspect.LogAdvice         : print execution time=>[cn.cnnic.report.service.ReportService.generateReport() took 1ms]
2019-07-03 19:12:42.764  INFO 19308 --- [http-nio-8080-exec-9] cn.cnnic.report.aspect.LogAdvice         : print method params=>[cn.cnnic.report.service.ReportService.generateReport(nicweblog,2019-0)]
2019-07-03 19:12:42.764  INFO 19308 --- [http-nio-8080-exec-9] cn.cnnic.report.aspect.LogAdvice         : print execution time=>[cn.cnnic.report.service.ReportService.generateReport() took 0ms]
2019-07-03 19:13:27.708  INFO 19308 --- [http-nio-8080-exec-7] cn.cnnic.report.aspect.LogAdvice         : print method params=>[cn.cnnic.report.service.ReportService.generateReport(nicweblog,2019-0)]
2019-07-03 19:13:27.709  INFO 19308 --- [http-nio-8080-exec-7] cn.cnnic.report.aspect.LogAdvice         : print execution time=>[cn.cnnic.report.service.ReportService.generateReport() took 1ms]
2019-07-03 19:14:12.481  INFO 19308 --- [http-nio-8080-exec-3] cn.cnnic.report.aspect.LogAdvice         : print method params=>[cn.cnnic.report.service.ReportService.generateReport(nicweblog,2019-0)]
2019-07-03 19:14:12.482  INFO 19308 --- [http-nio-8080-exec-3] cn.cnnic.report.aspect.LogAdvice         : print execution time=>[cn.cnnic.report.service.ReportService.generateReport() took 1ms]
2019-07-03 19:14:14.551  INFO 19308 --- [http-nio-8080-exec-4] cn.cnnic.report.aspect.LogAdvice         : print method params=>[cn.cnnic.report.service.ReportService.generateReport(nicweblog,2019-0)]
2019-07-03 19:14:14.551  INFO 19308 --- [http-nio-8080-exec-4] cn.cnnic.report.aspect.LogAdvice         : print execution time=>[cn.cnnic.report.service.ReportService.generateReport() took 0ms]
2019-07-03 19:14:16.421  INFO 19308 --- [http-nio-8080-exec-9] cn.cnnic.report.aspect.LogAdvice         : print method params=>[cn.cnnic.report.service.ReportService.generateReport(nicweblog,2019-0)]
2019-07-03 19:14:16.421  INFO 19308 --- [http-nio-8080-exec-9] cn.cnnic.report.aspect.LogAdvice         : print execution time=>[cn.cnnic.report.service.ReportService.generateReport() took 0ms]
2019-07-03 19:14:43.741  INFO 19308 --- [http-nio-8080-exec-2] cn.cnnic.report.aspect.LogAdvice         : print method params=>[cn.cnnic.report.service.ReportService.generateReport(nicweblog,2019-0)]
2019-07-03 19:14:43.741  INFO 19308 --- [http-nio-8080-exec-2] cn.cnnic.report.aspect.LogAdvice         : print execution time=>[cn.cnnic.report.service.ReportService.generateReport() took 0ms]
2019-07-03 19:15:31.161  INFO 19308 --- [http-nio-8080-exec-7] cn.cnnic.report.aspect.LogAdvice         : print method params=>[cn.cnnic.report.service.ReportService.dailyCount(nicweblog,2019-0)]
2019-07-03 19:15:31.184  INFO 19308 --- [http-nio-8080-exec-7] cn.cnnic.report.aspect.LogAdvice         : print method params=>[cn.cnnic.report.mapper.ReportDailyMapper.query(nicweblog,main-center,2019-03-01,2019-04-01,REPORT_DAT)]
2019-07-03 19:15:31.388  INFO 19308 --- [http-nio-8080-exec-7] cn.cnnic.report.aspect.LogAdvice         : print execution time=>[cn.cnnic.report.mapper.ReportDailyMapper.query() took 204ms]
2019-07-03 19:15:31.389  INFO 19308 --- [http-nio-8080-exec-7] cn.cnnic.report.aspect.LogAdvice         : print method params=>[cn.cnnic.report.mapper.ReportDailyMapper.query(nicweblog,monitor,2019-03-01,2019-04-01,REPORT_DAT)]
2019-07-03 19:15:31.392  INFO 19308 --- [http-nio-8080-exec-7] cn.cnnic.report.aspect.LogAdvice         : print execution time=>[cn.cnnic.report.mapper.ReportDailyMapper.query() took 3ms]
2019-07-03 19:15:31.392  INFO 19308 --- [http-nio-8080-exec-7] cn.cnnic.report.aspect.LogAdvice         : print method params=>[cn.cnnic.report.mapper.ReportDailyMapper.query(nicweblog,total,2019-03-01,2019-04-01,REPORT_DAT)]
2019-07-03 19:15:31.397  INFO 19308 --- [http-nio-8080-exec-7] cn.cnnic.report.aspect.LogAdvice         : print execution time=>[cn.cnnic.report.mapper.ReportDailyMapper.query() took 5ms]
2019-07-03 19:15:31.398  INFO 19308 --- [http-nio-8080-exec-7] cn.cnnic.report.aspect.LogAdvice         : print execution time=>[cn.cnnic.report.service.ReportService.dailyCount() took 237ms]
2019-07-03 19:15:36.725  INFO 19308 --- [http-nio-8080-exec-5] cn.cnnic.report.aspect.LogAdvice         : print method params=>[cn.cnnic.report.service.ReportService.generateReport(nicweblog,2019-0)]
2019-07-03 19:15:36.725  INFO 19308 --- [http-nio-8080-exec-5] cn.cnnic.report.aspect.LogAdvice         : print execution time=>[cn.cnnic.report.service.ReportService.generateReport() took 0ms]
2019-07-03 19:15:38.752  INFO 19308 --- [http-nio-8080-exec-10] cn.cnnic.report.aspect.LogAdvice         : print method params=>[cn.cnnic.report.service.ReportService.generateReport(nicweblog,2019-0)]
2019-07-03 19:15:38.752  INFO 19308 --- [http-nio-8080-exec-10] cn.cnnic.report.aspect.LogAdvice         : print execution time=>[cn.cnnic.report.service.ReportService.generateReport() took 0ms]
2019-07-03 19:15:41.899  INFO 19308 --- [http-nio-8080-exec-1] cn.cnnic.report.aspect.LogAdvice         : print method params=>[cn.cnnic.report.service.ReportService.generateReport(nicweblog,2019-0)]
2019-07-03 19:15:41.900  INFO 19308 --- [http-nio-8080-exec-1] cn.cnnic.report.aspect.LogAdvice         : print execution time=>[cn.cnnic.report.service.ReportService.generateReport() took 0ms]
2019-07-03 19:16:00.888  INFO 19308 --- [http-nio-8080-exec-6] cn.cnnic.report.aspect.LogAdvice         : print method params=>[cn.cnnic.report.service.ReportService.generateReport(nicweblog,2019-0)]
2019-07-03 19:16:00.888  INFO 19308 --- [http-nio-8080-exec-6] cn.cnnic.report.aspect.LogAdvice         : print execution time=>[cn.cnnic.report.service.ReportService.generateReport() took 0ms]
