[2019-07-02 15:34:24.118] [exthost] [info] extension host started
[2019-07-02 15:34:24.119] [exthost] [info] extension host started
[2019-07-02 15:34:24.182] [exthost] [info] ExtensionService#_doActivateExtension vscode.debug-auto-launch {"startup":true,"activationEvent":"*"}
[2019-07-02 15:34:24.182] [exthost] [info] ExtensionService#loadCommonJSModule /home/zhangt/.codemix/engine/resources/app/extensions/debug-auto-launch/dist/extension
[2019-07-02 15:34:24.267] [exthost] [info] ExtensionService#_doActivateExtension vscode.emmet {"startup":true,"activationEvent":"*"}
[2019-07-02 15:34:24.267] [exthost] [info] ExtensionService#loadCommonJSModule /home/zhangt/.codemix/engine/resources/app/extensions/emmet/dist/extension
[2019-07-02 15:34:24.324] [exthost] [info] ExtensionService#_doActivateExtension christian-kohler.path-intellisense {"startup":true,"activationEvent":"*"}
[2019-07-02 15:34:24.324] [exthost] [info] ExtensionService#loadCommonJSModule /home/zhangt/.codemix/extensions/christian-kohler.path-intellisense-1.4.2/out/src/extension
[2019-07-02 15:34:24.962] [exthost] [info] ExtensionService#_doActivateExtension dbaeumer.vscode-eslint {"startup":true,"activationEvent":"*"}
[2019-07-02 15:34:24.962] [exthost] [info] ExtensionService#loadCommonJSModule /home/zhangt/.codemix/extensions/dbaeumer.vscode-eslint-1.9.0/client/out/extension
[2019-07-02 15:34:25.064] [exthost] [info] ExtensionService#_doActivateExtension formulahendry.auto-close-tag {"startup":true,"activationEvent":"*"}
[2019-07-02 15:34:25.064] [exthost] [info] ExtensionService#loadCommonJSModule /home/zhangt/.codemix/extensions/formulahendry.auto-close-tag-0.5.6/out/src/extension
[2019-07-02 15:34:25.091] [exthost] [info] ExtensionService#_doActivateExtension formulahendry.auto-rename-tag {"startup":true,"activationEvent":"*"}
[2019-07-02 15:34:25.091] [exthost] [info] ExtensionService#loadCommonJSModule /home/zhangt/.codemix/extensions/formulahendry.auto-rename-tag-0.0.15/out/src/extension
[2019-07-02 15:34:25.193] [exthost] [info] ExtensionService#_doActivateExtension vscode.grunt {"startup":false,"activationEvent":"onCommand:workbench.action.tasks.runTask"}
[2019-07-02 15:34:25.193] [exthost] [info] ExtensionService#loadCommonJSModule /home/zhangt/.codemix/engine/resources/app/extensions/grunt/dist/main
[2019-07-02 15:34:25.260] [exthost] [info] ExtensionService#_doActivateExtension vscode.gulp {"startup":false,"activationEvent":"onCommand:workbench.action.tasks.runTask"}
[2019-07-02 15:34:25.260] [exthost] [info] ExtensionService#loadCommonJSModule /home/zhangt/.codemix/engine/resources/app/extensions/gulp/dist/main
[2019-07-02 15:34:25.377] [exthost] [info] ExtensionService#_doActivateExtension vscode.jake {"startup":false,"activationEvent":"onCommand:workbench.action.tasks.runTask"}
[2019-07-02 15:34:25.377] [exthost] [info] ExtensionService#loadCommonJSModule /home/zhangt/.codemix/engine/resources/app/extensions/jake/dist/main
[2019-07-02 15:34:25.470] [exthost] [info] ExtensionService#_doActivateExtension vscode.npm {"startup":false,"activationEvent":"onCommand:workbench.action.tasks.runTask"}
[2019-07-02 15:34:25.470] [exthost] [info] ExtensionService#loadCommonJSModule /home/zhangt/.codemix/engine/resources/app/extensions/npm/dist/main
[2019-07-02 15:34:25.609] [exthost] [info] ExtensionService#_doActivateExtension vscode.typescript-language-features {"startup":false,"activationEvent":"onCommand:workbench.action.tasks.runTask"}
[2019-07-02 15:34:25.609] [exthost] [info] ExtensionService#loadCommonJSModule /home/zhangt/.codemix/engine/resources/app/extensions/typescript-language-features/dist/extension
[2019-07-02 15:34:25.843] [exthost] [info] eager extensions activated
