[2019-06-28 19:13:35.181] [exthost] [info] extension host started
[2019-06-28 19:13:35.181] [exthost] [info] extension host started
[2019-06-28 19:13:35.242] [exthost] [info] ExtensionService#_doActivateExtension vscode.debug-auto-launch {"startup":true,"activationEvent":"*"}
[2019-06-28 19:13:35.242] [exthost] [info] ExtensionService#loadCommonJSModule /home/zhangt/.codemix/engine/resources/app/extensions/debug-auto-launch/dist/extension
[2019-06-28 19:13:35.381] [exthost] [info] ExtensionService#_doActivateExtension vscode.emmet {"startup":true,"activationEvent":"*"}
[2019-06-28 19:13:35.381] [exthost] [info] ExtensionService#loadCommonJSModule /home/zhangt/.codemix/engine/resources/app/extensions/emmet/dist/extension
[2019-06-28 19:13:35.438] [exthost] [info] ExtensionService#_doActivateExtension christian-kohler.path-intellisense {"startup":true,"activationEvent":"*"}
[2019-06-28 19:13:35.438] [exthost] [info] ExtensionService#loadCommonJSModule /home/zhangt/.codemix/extensions/christian-kohler.path-intellisense-1.4.2/out/src/extension
[2019-06-28 19:13:36.408] [exthost] [info] ExtensionService#_doActivateExtension dbaeumer.vscode-eslint {"startup":true,"activationEvent":"*"}
[2019-06-28 19:13:36.408] [exthost] [info] ExtensionService#loadCommonJSModule /home/zhangt/.codemix/extensions/dbaeumer.vscode-eslint-1.9.0/client/out/extension
[2019-06-28 19:13:36.581] [exthost] [info] ExtensionService#_doActivateExtension formulahendry.auto-close-tag {"startup":true,"activationEvent":"*"}
[2019-06-28 19:13:36.581] [exthost] [info] ExtensionService#loadCommonJSModule /home/zhangt/.codemix/extensions/formulahendry.auto-close-tag-0.5.6/out/src/extension
[2019-06-28 19:13:36.667] [exthost] [info] ExtensionService#_doActivateExtension formulahendry.auto-rename-tag {"startup":true,"activationEvent":"*"}
[2019-06-28 19:13:36.667] [exthost] [info] ExtensionService#loadCommonJSModule /home/zhangt/.codemix/extensions/formulahendry.auto-rename-tag-0.0.15/out/src/extension
[2019-06-28 19:13:36.818] [exthost] [info] ExtensionService#_doActivateExtension vscode.configuration-editing {"startup":false,"activationEvent":"onLanguage:jsonc"}
[2019-06-28 19:13:36.818] [exthost] [info] ExtensionService#loadCommonJSModule /home/zhangt/.codemix/engine/resources/app/extensions/configuration-editing/dist/extension
[2019-06-28 19:13:36.974] [exthost] [info] ExtensionService#_doActivateExtension vscode.json-language-features {"startup":false,"activationEvent":"onLanguage:jsonc"}
[2019-06-28 19:13:36.974] [exthost] [info] ExtensionService#loadCommonJSModule /home/zhangt/.codemix/engine/resources/app/extensions/json-language-features/client/dist/jsonMain
[2019-06-28 19:13:37.288] [exthost] [info] ExtensionService#_doActivateExtension vscode.typescript-language-features {"startup":false,"activationEvent":"onLanguage:jsonc"}
[2019-06-28 19:13:37.288] [exthost] [info] ExtensionService#loadCommonJSModule /home/zhangt/.codemix/engine/resources/app/extensions/typescript-language-features/dist/extension
[2019-06-28 19:13:37.528] [exthost] [info] ExtensionService#_doActivateExtension vscode.grunt {"startup":false,"activationEvent":"onCommand:workbench.action.tasks.runTask"}
[2019-06-28 19:13:37.528] [exthost] [info] ExtensionService#loadCommonJSModule /home/zhangt/.codemix/engine/resources/app/extensions/grunt/dist/main
[2019-06-28 19:13:37.623] [exthost] [info] ExtensionService#_doActivateExtension vscode.gulp {"startup":false,"activationEvent":"onCommand:workbench.action.tasks.runTask"}
[2019-06-28 19:13:37.623] [exthost] [info] ExtensionService#loadCommonJSModule /home/zhangt/.codemix/engine/resources/app/extensions/gulp/dist/main
[2019-06-28 19:13:37.719] [exthost] [info] ExtensionService#_doActivateExtension vscode.jake {"startup":false,"activationEvent":"onCommand:workbench.action.tasks.runTask"}
[2019-06-28 19:13:37.719] [exthost] [info] ExtensionService#loadCommonJSModule /home/zhangt/.codemix/engine/resources/app/extensions/jake/dist/main
[2019-06-28 19:13:37.932] [exthost] [info] ExtensionService#_doActivateExtension vscode.npm {"startup":false,"activationEvent":"onCommand:workbench.action.tasks.runTask"}
[2019-06-28 19:13:37.932] [exthost] [info] ExtensionService#loadCommonJSModule /home/zhangt/.codemix/engine/resources/app/extensions/npm/dist/main
[2019-06-28 19:13:38.071] [exthost] [info] eager extensions activated
