[2019-07-03 11:51:06.996] [exthost] [info] extension host started
[2019-07-03 11:51:08.217] [exthost] [info] extension host started
[2019-07-03 11:51:08.269] [exthost] [info] ExtensionService#_doActivateExtension vscode.debug-auto-launch {"startup":true,"activationEvent":"*"}
[2019-07-03 11:51:08.269] [exthost] [info] ExtensionService#loadCommonJSModule /home/zhangt/.codemix/engine/resources/app/extensions/debug-auto-launch/dist/extension
[2019-07-03 11:51:08.275] [exthost] [info] ExtensionService#_doActivateExtension vscode.emmet {"startup":true,"activationEvent":"*"}
[2019-07-03 11:51:08.275] [exthost] [info] ExtensionService#loadCommonJSModule /home/zhangt/.codemix/engine/resources/app/extensions/emmet/dist/extension
[2019-07-03 11:51:08.317] [exthost] [info] ExtensionService#_doActivateExtension christian-kohler.path-intellisense {"startup":true,"activationEvent":"*"}
[2019-07-03 11:51:08.317] [exthost] [info] ExtensionService#loadCommonJSModule /home/zhangt/.codemix/extensions/christian-kohler.path-intellisense-1.4.2/out/src/extension
[2019-07-03 11:51:08.336] [exthost] [info] ExtensionService#_doActivateExtension dbaeumer.vscode-eslint {"startup":true,"activationEvent":"*"}
[2019-07-03 11:51:08.336] [exthost] [info] ExtensionService#loadCommonJSModule /home/zhangt/.codemix/extensions/dbaeumer.vscode-eslint-1.9.0/client/out/extension
[2019-07-03 11:51:08.451] [exthost] [info] ExtensionService#_doActivateExtension formulahendry.auto-close-tag {"startup":true,"activationEvent":"*"}
[2019-07-03 11:51:08.451] [exthost] [info] ExtensionService#loadCommonJSModule /home/zhangt/.codemix/extensions/formulahendry.auto-close-tag-0.5.6/out/src/extension
[2019-07-03 11:51:08.454] [exthost] [info] ExtensionService#_doActivateExtension formulahendry.auto-rename-tag {"startup":true,"activationEvent":"*"}
[2019-07-03 11:51:08.454] [exthost] [info] ExtensionService#loadCommonJSModule /home/zhangt/.codemix/extensions/formulahendry.auto-rename-tag-0.0.15/out/src/extension
[2019-07-03 11:51:08.459] [exthost] [info] ExtensionService#_doActivateExtension vscode.grunt {"startup":false,"activationEvent":"onCommand:workbench.action.tasks.runTask"}
[2019-07-03 11:51:08.459] [exthost] [info] ExtensionService#loadCommonJSModule /home/zhangt/.codemix/engine/resources/app/extensions/grunt/dist/main
[2019-07-03 11:51:08.466] [exthost] [info] ExtensionService#_doActivateExtension vscode.gulp {"startup":false,"activationEvent":"onCommand:workbench.action.tasks.runTask"}
[2019-07-03 11:51:08.466] [exthost] [info] ExtensionService#loadCommonJSModule /home/zhangt/.codemix/engine/resources/app/extensions/gulp/dist/main
[2019-07-03 11:51:08.471] [exthost] [info] ExtensionService#_doActivateExtension vscode.jake {"startup":false,"activationEvent":"onCommand:workbench.action.tasks.runTask"}
[2019-07-03 11:51:08.472] [exthost] [info] ExtensionService#loadCommonJSModule /home/zhangt/.codemix/engine/resources/app/extensions/jake/dist/main
[2019-07-03 11:51:08.477] [exthost] [info] ExtensionService#_doActivateExtension vscode.npm {"startup":false,"activationEvent":"onCommand:workbench.action.tasks.runTask"}
[2019-07-03 11:51:08.477] [exthost] [info] ExtensionService#loadCommonJSModule /home/zhangt/.codemix/engine/resources/app/extensions/npm/dist/main
[2019-07-03 11:51:08.513] [exthost] [info] ExtensionService#_doActivateExtension vscode.typescript-language-features {"startup":false,"activationEvent":"onCommand:workbench.action.tasks.runTask"}
[2019-07-03 11:51:08.513] [exthost] [info] ExtensionService#loadCommonJSModule /home/zhangt/.codemix/engine/resources/app/extensions/typescript-language-features/dist/extension
[2019-07-03 11:51:08.651] [exthost] [info] eager extensions activated
