[2019-06-27 19:25:18.546] [exthost] [info] extension host started
[2019-06-27 19:25:18.541] [exthost] [info] extension host started
[2019-06-27 19:25:18.602] [exthost] [info] ExtensionService#_doActivateExtension vscode.debug-auto-launch {"startup":true,"activationEvent":"*"}
[2019-06-27 19:25:18.603] [exthost] [info] ExtensionService#loadCommonJSModule /home/zhangt/.codemix/engine/resources/app/extensions/debug-auto-launch/dist/extension
[2019-06-27 19:25:18.739] [exthost] [info] ExtensionService#_doActivateExtension vscode.emmet {"startup":true,"activationEvent":"*"}
[2019-06-27 19:25:18.739] [exthost] [info] ExtensionService#loadCommonJSModule /home/zhangt/.codemix/engine/resources/app/extensions/emmet/dist/extension
[2019-06-27 19:25:18.817] [exthost] [info] ExtensionService#_doActivateExtension christian-kohler.path-intellisense {"startup":true,"activationEvent":"*"}
[2019-06-27 19:25:18.817] [exthost] [info] ExtensionService#loadCommonJSModule /home/zhangt/.codemix/extensions/christian-kohler.path-intellisense-1.4.2/out/src/extension
[2019-06-27 19:25:20.005] [exthost] [info] ExtensionService#_doActivateExtension dbaeumer.vscode-eslint {"startup":true,"activationEvent":"*"}
[2019-06-27 19:25:20.005] [exthost] [info] ExtensionService#loadCommonJSModule /home/zhangt/.codemix/extensions/dbaeumer.vscode-eslint-1.9.0/client/out/extension
[2019-06-27 19:25:20.132] [exthost] [info] ExtensionService#_doActivateExtension formulahendry.auto-close-tag {"startup":true,"activationEvent":"*"}
[2019-06-27 19:25:20.132] [exthost] [info] ExtensionService#loadCommonJSModule /home/zhangt/.codemix/extensions/formulahendry.auto-close-tag-0.5.6/out/src/extension
[2019-06-27 19:25:20.290] [exthost] [info] ExtensionService#_doActivateExtension formulahendry.auto-rename-tag {"startup":true,"activationEvent":"*"}
[2019-06-27 19:25:20.290] [exthost] [info] ExtensionService#loadCommonJSModule /home/zhangt/.codemix/extensions/formulahendry.auto-rename-tag-0.0.15/out/src/extension
[2019-06-27 19:25:20.393] [exthost] [info] ExtensionService#_doActivateExtension vscode.configuration-editing {"startup":false,"activationEvent":"onLanguage:jsonc"}
[2019-06-27 19:25:20.393] [exthost] [info] ExtensionService#loadCommonJSModule /home/zhangt/.codemix/engine/resources/app/extensions/configuration-editing/dist/extension
[2019-06-27 19:25:20.698] [exthost] [info] ExtensionService#_doActivateExtension vscode.json-language-features {"startup":false,"activationEvent":"onLanguage:jsonc"}
[2019-06-27 19:25:20.698] [exthost] [info] ExtensionService#loadCommonJSModule /home/zhangt/.codemix/engine/resources/app/extensions/json-language-features/client/dist/jsonMain
[2019-06-27 19:25:20.996] [exthost] [info] ExtensionService#_doActivateExtension vscode.typescript-language-features {"startup":false,"activationEvent":"onLanguage:jsonc"}
[2019-06-27 19:25:20.996] [exthost] [info] ExtensionService#loadCommonJSModule /home/zhangt/.codemix/engine/resources/app/extensions/typescript-language-features/dist/extension
[2019-06-27 19:25:21.200] [exthost] [info] ExtensionService#_doActivateExtension vscode.grunt {"startup":false,"activationEvent":"onCommand:workbench.action.tasks.runTask"}
[2019-06-27 19:25:21.200] [exthost] [info] ExtensionService#loadCommonJSModule /home/zhangt/.codemix/engine/resources/app/extensions/grunt/dist/main
[2019-06-27 19:25:21.294] [exthost] [info] ExtensionService#_doActivateExtension vscode.gulp {"startup":false,"activationEvent":"onCommand:workbench.action.tasks.runTask"}
[2019-06-27 19:25:21.294] [exthost] [info] ExtensionService#loadCommonJSModule /home/zhangt/.codemix/engine/resources/app/extensions/gulp/dist/main
[2019-06-27 19:25:21.586] [exthost] [info] ExtensionService#_doActivateExtension vscode.jake {"startup":false,"activationEvent":"onCommand:workbench.action.tasks.runTask"}
[2019-06-27 19:25:21.586] [exthost] [info] ExtensionService#loadCommonJSModule /home/zhangt/.codemix/engine/resources/app/extensions/jake/dist/main
[2019-06-27 19:25:22.055] [exthost] [info] ExtensionService#_doActivateExtension vscode.npm {"startup":false,"activationEvent":"onCommand:workbench.action.tasks.runTask"}
[2019-06-27 19:25:22.055] [exthost] [info] ExtensionService#loadCommonJSModule /home/zhangt/.codemix/engine/resources/app/extensions/npm/dist/main
[2019-06-27 19:25:22.605] [exthost] [info] eager extensions activated
