[2019-07-03 18:36:16.151] [exthost] [info] extension host started
[2019-07-03 18:36:16.151] [exthost] [info] extension host started
[2019-07-03 18:36:16.184] [exthost] [info] ExtensionService#_doActivateExtension vscode.debug-auto-launch {"startup":true,"activationEvent":"*"}
[2019-07-03 18:36:16.184] [exthost] [info] ExtensionService#loadCommonJSModule /home/zhangt/.codemix/engine/resources/app/extensions/debug-auto-launch/dist/extension
[2019-07-03 18:36:16.411] [exthost] [info] ExtensionService#_doActivateExtension vscode.emmet {"startup":true,"activationEvent":"*"}
[2019-07-03 18:36:16.411] [exthost] [info] ExtensionService#loadCommonJSModule /home/zhangt/.codemix/engine/resources/app/extensions/emmet/dist/extension
[2019-07-03 18:36:16.560] [exthost] [info] ExtensionService#_doActivateExtension christian-kohler.path-intellisense {"startup":true,"activationEvent":"*"}
[2019-07-03 18:36:16.560] [exthost] [info] ExtensionService#loadCommonJSModule /home/zhangt/.codemix/extensions/christian-kohler.path-intellisense-1.4.2/out/src/extension
[2019-07-03 18:36:18.410] [exthost] [info] ExtensionService#_doActivateExtension dbaeumer.vscode-eslint {"startup":true,"activationEvent":"*"}
[2019-07-03 18:36:18.410] [exthost] [info] ExtensionService#loadCommonJSModule /home/zhangt/.codemix/extensions/dbaeumer.vscode-eslint-1.9.0/client/out/extension
[2019-07-03 18:36:18.524] [exthost] [info] ExtensionService#_doActivateExtension formulahendry.auto-close-tag {"startup":true,"activationEvent":"*"}
[2019-07-03 18:36:18.524] [exthost] [info] ExtensionService#loadCommonJSModule /home/zhangt/.codemix/extensions/formulahendry.auto-close-tag-0.5.6/out/src/extension
[2019-07-03 18:36:18.576] [exthost] [info] ExtensionService#_doActivateExtension formulahendry.auto-rename-tag {"startup":true,"activationEvent":"*"}
[2019-07-03 18:36:18.576] [exthost] [info] ExtensionService#loadCommonJSModule /home/zhangt/.codemix/extensions/formulahendry.auto-rename-tag-0.0.15/out/src/extension
[2019-07-03 18:36:18.740] [exthost] [info] ExtensionService#_doActivateExtension vscode.configuration-editing {"startup":false,"activationEvent":"onLanguage:jsonc"}
[2019-07-03 18:36:18.740] [exthost] [info] ExtensionService#loadCommonJSModule /home/zhangt/.codemix/engine/resources/app/extensions/configuration-editing/dist/extension
[2019-07-03 18:36:19.039] [exthost] [info] ExtensionService#_doActivateExtension vscode.json-language-features {"startup":false,"activationEvent":"onLanguage:jsonc"}
[2019-07-03 18:36:19.039] [exthost] [info] ExtensionService#loadCommonJSModule /home/zhangt/.codemix/engine/resources/app/extensions/json-language-features/client/dist/jsonMain
[2019-07-03 18:36:19.421] [exthost] [info] ExtensionService#_doActivateExtension vscode.typescript-language-features {"startup":false,"activationEvent":"onLanguage:jsonc"}
[2019-07-03 18:36:19.421] [exthost] [info] ExtensionService#loadCommonJSModule /home/zhangt/.codemix/engine/resources/app/extensions/typescript-language-features/dist/extension
[2019-07-03 18:36:19.683] [exthost] [info] ExtensionService#_doActivateExtension vscode.grunt {"startup":false,"activationEvent":"onCommand:workbench.action.tasks.runTask"}
[2019-07-03 18:36:19.683] [exthost] [info] ExtensionService#loadCommonJSModule /home/zhangt/.codemix/engine/resources/app/extensions/grunt/dist/main
[2019-07-03 18:36:19.761] [exthost] [info] ExtensionService#_doActivateExtension vscode.gulp {"startup":false,"activationEvent":"onCommand:workbench.action.tasks.runTask"}
[2019-07-03 18:36:19.761] [exthost] [info] ExtensionService#loadCommonJSModule /home/zhangt/.codemix/engine/resources/app/extensions/gulp/dist/main
[2019-07-03 18:36:19.842] [exthost] [info] ExtensionService#_doActivateExtension vscode.jake {"startup":false,"activationEvent":"onCommand:workbench.action.tasks.runTask"}
[2019-07-03 18:36:19.842] [exthost] [info] ExtensionService#loadCommonJSModule /home/zhangt/.codemix/engine/resources/app/extensions/jake/dist/main
[2019-07-03 18:36:19.931] [exthost] [info] ExtensionService#_doActivateExtension vscode.npm {"startup":false,"activationEvent":"onCommand:workbench.action.tasks.runTask"}
[2019-07-03 18:36:19.931] [exthost] [info] ExtensionService#loadCommonJSModule /home/zhangt/.codemix/engine/resources/app/extensions/npm/dist/main
[2019-07-03 18:36:20.258] [exthost] [info] eager extensions activated
